made it to loop 0
made it into sample isotropic function
made it while loop 0
d = 0.28629
absorbed
absorbed
made it to loop 1
made it into sample isotropic function
made it while loop 1
d = 1.59803
scatter
made it into sample isotropic function
scatter
made it while loop 1
d = 2.49952
scatter
made it into sample isotropic function
scatter
made it while loop 1
d = 0.882177
scatter
made it into sample isotropic function
scatter
made it while loop 1
d = 0.400811
scatter
made it into sample isotropic function
scatter
made it while loop 1
d = 0.0841622
scatter
made it into sample isotropic function
scatter
made it while loop 1
d = 0.588463
scatter
made it into sample isotropic function
scatter
made it while loop 1
d = 1.72243
scatter
made it into sample isotropic function
scatter
made it while loop 1
d = 0.272446
scatter
made it into sample isotropic function
scatter
made it while loop 1
d = 0.453073
scatter
made it into sample isotropic function
scatter
made it while loop 1
d = 2.17751
absorbed
absorbed
made it to loop 2
made it into sample isotropic function
made it while loop 2
d = 0.0438323
scatter
made it into sample isotropic function
scatter
made it while loop 2
d = 0.387221
scatter
made it into sample isotropic function
scatter
made it while loop 2
d = 0.156997
scatter
made it into sample isotropic function
scatter
made it while loop 2
d = 0.0183206
scatter
made it into sample isotropic function
scatter
made it while loop 2
d = 0.929347
scatter
made it into sample isotropic function
scatter
made it while loop 2
d = 0.295471
scatter
made it into sample isotropic function
scatter
made it while loop 2
d = 3.35097
scatter
made it into sample isotropic function
scatter
made it while loop 2
d = 0.534637
scatter
made it into sample isotropic function
scatter
made it while loop 2
d = 0.20725
scatter
made it into sample isotropic function
scatter
made it while loop 2
d = 0.633543
scatter
made it into sample isotropic function
scatter
made it while loop 2
d = 4.28301
scatter
made it into sample isotropic function
scatter
made it while loop 2
d = 1.26636
d2c caused a termination by exiting the geometry
made it to loop 3
made it into sample isotropic function
made it while loop 3
d = 0.183601
scatter
made it into sample isotropic function
scatter
made it while loop 3
d = 1.36948
scatter
made it into sample isotropic function
scatter
made it while loop 3
d = 0.00647479
scatter
made it into sample isotropic function
scatter
made it while loop 3
d = 0.534465
scatter
made it into sample isotropic function
scatter
made it while loop 3
d = 0.199866
scatter
made it into sample isotropic function
scatter
made it while loop 3
d = 0.974479
absorbed
absorbed
made it to loop 4
made it into sample isotropic function
made it while loop 4
d = 0.240209
scatter
made it into sample isotropic function
scatter
made it while loop 4
d = 1.36689
scatter
made it into sample isotropic function
scatter
made it while loop 4
d = 1.06215
scatter
made it into sample isotropic function
scatter
made it while loop 4
d = 3.12244
scatter
made it into sample isotropic function
scatter
made it while loop 4
d = 1.67763
scatter
made it into sample isotropic function
scatter
made it while loop 4
d = 0.0879337
scatter
made it into sample isotropic function
scatter
made it while loop 4
d = 0.242195
scatter
made it into sample isotropic function
scatter
made it while loop 4
d = 0.180237
scatter
made it into sample isotropic function
scatter
made it while loop 4
d = 0.677333
scatter
made it into sample isotropic function
scatter
made it while loop 4
d = 0.395587
scatter
made it into sample isotropic function
scatter
made it while loop 4
d = 2.75901
scatter
made it into sample isotropic function
scatter
made it while loop 4
d = 0.00293943
scatter
made it into sample isotropic function
scatter
made it while loop 4
d = 0.360088
scatter
made it into sample isotropic function
scatter
made it while loop 4
d = 1.92264
scatter
made it into sample isotropic function
scatter
made it while loop 4
d = 0.224017
d2c caused a termination by exiting the geometry
made it to loop 5
made it into sample isotropic function
made it while loop 5
d = 1.83214
absorbed
absorbed
made it to loop 6
made it into sample isotropic function
made it while loop 6
d = 3.9221
scatter
made it into sample isotropic function
scatter
made it while loop 6
d = 0.24182
absorbed
absorbed
made it to loop 7
made it into sample isotropic function
made it while loop 7
d = 0.232243
scatter
made it into sample isotropic function
scatter
made it while loop 7
d = 1.19589
scatter
made it into sample isotropic function
scatter
made it while loop 7
d = 0.0376861
scatter
made it into sample isotropic function
scatter
made it while loop 7
d = 1.36369
scatter
made it into sample isotropic function
scatter
made it while loop 7
d = 0.0178799
absorbed
absorbed
made it to loop 8
made it into sample isotropic function
made it while loop 8
d = 0.432657
scatter
made it into sample isotropic function
scatter
made it while loop 8
d = 0.764657
scatter
made it into sample isotropic function
scatter
made it while loop 8
d = 2.46581
scatter
made it into sample isotropic function
scatter
made it while loop 8
d = 2.2175
scatter
made it into sample isotropic function
scatter
made it while loop 8
d = 3.23551
scatter
made it into sample isotropic function
scatter
made it while loop 8
d = 0.114937
scatter
made it into sample isotropic function
scatter
made it while loop 8
d = 3.21862
absorbed
absorbed
made it to loop 9
made it into sample isotropic function
made it while loop 9
d = 1.58725
scatter
made it into sample isotropic function
scatter
made it while loop 9
d = 0.597386
scatter
made it into sample isotropic function
scatter
made it while loop 9
d = 0.632429
scatter
made it into sample isotropic function
scatter
made it while loop 9
d = 0.115383
scatter
made it into sample isotropic function
scatter
made it while loop 9
d = 1.84144
scatter
made it into sample isotropic function
scatter
made it while loop 9
d = 0.90645
scatter
made it into sample isotropic function
scatter
made it while loop 9
d = 0.228745
scatter
made it into sample isotropic function
scatter
made it while loop 9
d = 0.932108
scatter
made it into sample isotropic function
scatter
made it while loop 9
d = 0.119818
scatter
made it into sample isotropic function
scatter
made it while loop 9
d = 1.28523
scatter
made it into sample isotropic function
scatter
made it while loop 9
d = 0.324393
scatter
made it into sample isotropic function
scatter
made it while loop 9
d = 2.40635
scatter
made it into sample isotropic function
scatter
made it while loop 9
d = 2.4952
scatter
made it into sample isotropic function
scatter
made it while loop 9
d = 0.704343
d2c caused a termination by exiting the geometry
made it to loop 10
made it into sample isotropic function
made it while loop 10
d = 0.133804
scatter
made it into sample isotropic function
scatter
made it while loop 10
d = 0.166038
scatter
made it into sample isotropic function
scatter
made it while loop 10
d = 0.401112
scatter
made it into sample isotropic function
scatter
made it while loop 10
d = 0.263376
scatter
made it into sample isotropic function
scatter
made it while loop 10
d = 0.462415
scatter
made it into sample isotropic function
scatter
made it while loop 10
d = 0.547434
scatter
made it into sample isotropic function
scatter
made it while loop 10
d = 0.172786
scatter
made it into sample isotropic function
scatter
made it while loop 10
d = 0.212565
absorbed
absorbed
made it to loop 11
made it into sample isotropic function
made it while loop 11
d = 2.69064
scatter
made it into sample isotropic function
scatter
made it while loop 11
d = 0.213537
scatter
made it into sample isotropic function
scatter
made it while loop 11
d = 0.547476
scatter
made it into sample isotropic function
scatter
made it while loop 11
d = 1.46934
scatter
made it into sample isotropic function
scatter
made it while loop 11
d = 0.989091
scatter
made it into sample isotropic function
scatter
made it while loop 11
d = 0.740091
scatter
made it into sample isotropic function
scatter
made it while loop 11
d = 1.04598
absorbed
absorbed
made it to loop 12
made it into sample isotropic function
made it while loop 12
d = 0.403562
scatter
made it into sample isotropic function
scatter
made it while loop 12
d = 1.0226
scatter
made it into sample isotropic function
scatter
made it while loop 12
d = 2.14825
scatter
made it into sample isotropic function
scatter
made it while loop 12
d = 4.65242
absorbed
absorbed
made it to loop 13
made it into sample isotropic function
made it while loop 13
d = 0.66034
scatter
made it into sample isotropic function
scatter
made it while loop 13
d = 0.597355
scatter
made it into sample isotropic function
scatter
made it while loop 13
d = 0.222793
absorbed
absorbed
made it to loop 14
made it into sample isotropic function
made it while loop 14
d = 1.90836
scatter
made it into sample isotropic function
scatter
made it while loop 14
d = 0.426738
scatter
made it into sample isotropic function
scatter
made it while loop 14
d = 0.00894187
absorbed
absorbed
made it to loop 15
made it into sample isotropic function
made it while loop 15
d = 0.0325908
absorbed
absorbed
made it to loop 16
made it into sample isotropic function
made it while loop 16
d = 1.48077
scatter
made it into sample isotropic function
scatter
made it while loop 16
d = 1.11343
scatter
made it into sample isotropic function
scatter
made it while loop 16
d = 3.24662
scatter
made it into sample isotropic function
scatter
made it while loop 16
d = 0.301031
scatter
made it into sample isotropic function
scatter
made it while loop 16
d = 0.783075
scatter
made it into sample isotropic function
scatter
made it while loop 16
d = 0.650158
scatter
made it into sample isotropic function
scatter
made it while loop 16
d = 3.26276
absorbed
absorbed
made it to loop 17
made it into sample isotropic function
made it while loop 17
d = 0.268907
scatter
made it into sample isotropic function
scatter
made it while loop 17
d = 0.252925
scatter
made it into sample isotropic function
scatter
made it while loop 17
d = 1.36305
scatter
made it into sample isotropic function
scatter
made it while loop 17
d = 0.0329649
scatter
made it into sample isotropic function
scatter
made it while loop 17
d = 2.37398
scatter
made it into sample isotropic function
scatter
made it while loop 17
d = 0.21793
scatter
made it into sample isotropic function
scatter
made it while loop 17
d = 2.85624
scatter
made it into sample isotropic function
scatter
made it while loop 17
d = 1.23681
scatter
made it into sample isotropic function
scatter
made it while loop 17
d = 1.13758
scatter
made it into sample isotropic function
scatter
made it while loop 17
d = 0.567549
scatter
made it into sample isotropic function
scatter
made it while loop 17
d = 0.539536
scatter
made it into sample isotropic function
scatter
made it while loop 17
d = 0.198285
scatter
made it into sample isotropic function
scatter
made it while loop 17
d = 0.0600083
scatter
made it into sample isotropic function
scatter
made it while loop 17
d = 0.774967
scatter
made it into sample isotropic function
scatter
made it while loop 17
d = 0.283382
scatter
made it into sample isotropic function
scatter
made it while loop 17
d = 0.436906
scatter
made it into sample isotropic function
scatter
made it while loop 17
d = 0.447107
scatter
made it into sample isotropic function
scatter
made it while loop 17
d = 0.0314807
scatter
made it into sample isotropic function
scatter
made it while loop 17
d = 3.47924
scatter
made it into sample isotropic function
scatter
made it while loop 17
d = 0.582444
absorbed
absorbed
made it to loop 18
made it into sample isotropic function
made it while loop 18
d = 2.46446
scatter
made it into sample isotropic function
scatter
made it while loop 18
d = 0.783763
scatter
made it into sample isotropic function
scatter
made it while loop 18
d = 1.41186
scatter
made it into sample isotropic function
scatter
made it while loop 18
d = 0.78964
scatter
made it into sample isotropic function
scatter
made it while loop 18
d = 0.338693
scatter
made it into sample isotropic function
scatter
made it while loop 18
d = 0.0685583
scatter
made it into sample isotropic function
scatter
made it while loop 18
d = 0.126663
scatter
made it into sample isotropic function
scatter
made it while loop 18
d = 2.30055
absorbed
absorbed
made it to loop 19
made it into sample isotropic function
made it while loop 19
d = 1.78719
scatter
made it into sample isotropic function
scatter
made it while loop 19
d = 0.106898
scatter
made it into sample isotropic function
scatter
made it while loop 19
d = 0.965215
scatter
made it into sample isotropic function
scatter
made it while loop 19
d = 0.198197
scatter
made it into sample isotropic function
scatter
made it while loop 19
d = 2.14043
scatter
made it into sample isotropic function
scatter
made it while loop 19
d = 1.0599
scatter
made it into sample isotropic function
scatter
made it while loop 19
d = 0.933076
scatter
made it into sample isotropic function
scatter
made it while loop 19
d = 0.494677
scatter
made it into sample isotropic function
scatter
made it while loop 19
d = 1.50707
d2c caused a termination by exiting the geometry
made it to loop 20
made it into sample isotropic function
made it while loop 20
d = 0.393102
absorbed
absorbed
made it to loop 21
made it into sample isotropic function
made it while loop 21
d = 0.848975
scatter
made it into sample isotropic function
scatter
made it while loop 21
d = 0.968776
scatter
made it into sample isotropic function
scatter
made it while loop 21
d = 0.164843
scatter
made it into sample isotropic function
scatter
made it while loop 21
d = 1.41706
scatter
made it into sample isotropic function
scatter
made it while loop 21
d = 0.848532
scatter
made it into sample isotropic function
scatter
made it while loop 21
d = 0.557987
scatter
made it into sample isotropic function
scatter
made it while loop 21
d = 0.881119
scatter
made it into sample isotropic function
scatter
made it while loop 21
d = 0.479997
scatter
made it into sample isotropic function
scatter
made it while loop 21
d = 1.74908
scatter
made it into sample isotropic function
scatter
made it while loop 21
d = 0.0657525
scatter
made it into sample isotropic function
scatter
made it while loop 21
d = 0.37304
scatter
made it into sample isotropic function
scatter
made it while loop 21
d = 2.06845
scatter
made it into sample isotropic function
scatter
made it while loop 21
d = 0.633307
scatter
made it into sample isotropic function
scatter
made it while loop 21
d = 1.10625
scatter
made it into sample isotropic function
scatter
made it while loop 21
d = 0.889479
scatter
made it into sample isotropic function
scatter
made it while loop 21
d = 1.68867
scatter
made it into sample isotropic function
scatter
made it while loop 21
d = 1.19174
scatter
made it into sample isotropic function
scatter
made it while loop 21
d = 1.29911
scatter
made it into sample isotropic function
scatter
made it while loop 21
d = 0.625448
scatter
made it into sample isotropic function
scatter
made it while loop 21
d = 1.62773
scatter
made it into sample isotropic function
scatter
made it while loop 21
d = 0.308769
scatter
made it into sample isotropic function
scatter
made it while loop 21
d = 1.89701
d2c caused a termination by exiting the geometry
made it to loop 22
made it into sample isotropic function
made it while loop 22
d = 0.680039
scatter
made it into sample isotropic function
scatter
made it while loop 22
d = 0.896314
scatter
made it into sample isotropic function
scatter
made it while loop 22
d = 0.498607
scatter
made it into sample isotropic function
scatter
made it while loop 22
d = 2.34844
scatter
made it into sample isotropic function
scatter
made it while loop 22
d = 0.398788
scatter
made it into sample isotropic function
scatter
made it while loop 22
d = 1.56589
scatter
made it into sample isotropic function
scatter
made it while loop 22
d = 0.912697
scatter
made it into sample isotropic function
scatter
made it while loop 22
d = 0.118802
scatter
made it into sample isotropic function
scatter
made it while loop 22
d = 0.472419
scatter
made it into sample isotropic function
scatter
made it while loop 22
d = 1.19608
scatter
made it into sample isotropic function
scatter
made it while loop 22
d = 0.899673
scatter
made it into sample isotropic function
scatter
made it while loop 22
d = 0.5099
scatter
made it into sample isotropic function
scatter
made it while loop 22
d = 0.776586
scatter
made it into sample isotropic function
scatter
made it while loop 22
d = 0.237187
scatter
made it into sample isotropic function
scatter
made it while loop 22
d = 1.65306
scatter
made it into sample isotropic function
scatter
made it while loop 22
d = 0.754472
scatter
made it into sample isotropic function
scatter
made it while loop 22
d = 0.425619
scatter
made it into sample isotropic function
scatter
made it while loop 22
d = 3.12629
scatter
made it into sample isotropic function
scatter
made it while loop 22
d = 0.779796
scatter
made it into sample isotropic function
scatter
made it while loop 22
d = 0.109195
scatter
made it into sample isotropic function
scatter
made it while loop 22
d = 0.420548
scatter
made it into sample isotropic function
scatter
made it while loop 22
d = 0.281475
scatter
made it into sample isotropic function
scatter
made it while loop 22
d = 2.72137
scatter
made it into sample isotropic function
scatter
made it while loop 22
d = 0.012668
absorbed
absorbed
made it to loop 23
made it into sample isotropic function
made it while loop 23
d = 0.732742
scatter
made it into sample isotropic function
scatter
made it while loop 23
d = 0.218691
scatter
made it into sample isotropic function
scatter
made it while loop 23
d = 2.08317
scatter
made it into sample isotropic function
scatter
made it while loop 23
d = 1.02538
scatter
made it into sample isotropic function
scatter
made it while loop 23
d = 0.068008
scatter
made it into sample isotropic function
scatter
made it while loop 23
d = 0.39566
scatter
made it into sample isotropic function
scatter
made it while loop 23
d = 0.739931
absorbed
absorbed
made it to loop 24
made it into sample isotropic function
made it while loop 24
d = 2.54699
scatter
made it into sample isotropic function
scatter
made it while loop 24
d = 0.238108
scatter
made it into sample isotropic function
scatter
made it while loop 24
d = 0.513871
scatter
made it into sample isotropic function
scatter
made it while loop 24
d = 0.0927367
absorbed
absorbed
made it to loop 25
made it into sample isotropic function
made it while loop 25
d = 2.91614
absorbed
absorbed
made it to loop 26
made it into sample isotropic function
made it while loop 26
d = 0.208106
absorbed
absorbed
made it to loop 27
made it into sample isotropic function
made it while loop 27
d = 0.0371199
scatter
made it into sample isotropic function
scatter
made it while loop 27
d = 0.263646
scatter
made it into sample isotropic function
scatter
made it while loop 27
d = 0.795294
scatter
made it into sample isotropic function
scatter
made it while loop 27
d = 1.87683
scatter
made it into sample isotropic function
scatter
made it while loop 27
d = 1.7665
scatter
made it into sample isotropic function
scatter
made it while loop 27
d = 0.0438066
scatter
made it into sample isotropic function
scatter
made it while loop 27
d = 3.6269
scatter
made it into sample isotropic function
scatter
made it while loop 27
d = 1.27348
scatter
made it into sample isotropic function
scatter
made it while loop 27
d = 1.80301
d2c caused a termination by exiting the geometry
made it to loop 28
made it into sample isotropic function
made it while loop 28
d = 0.243798
scatter
made it into sample isotropic function
scatter
made it while loop 28
d = 0.243102
scatter
made it into sample isotropic function
scatter
made it while loop 28
d = 1.0397
absorbed
absorbed
made it to loop 29
made it into sample isotropic function
made it while loop 29
d = 0.928076
scatter
made it into sample isotropic function
scatter
made it while loop 29
d = 0.234058
scatter
made it into sample isotropic function
scatter
made it while loop 29
d = 0.0165446
scatter
made it into sample isotropic function
scatter
made it while loop 29
d = 0.826615
scatter
made it into sample isotropic function
scatter
made it while loop 29
d = 1.18504
scatter
made it into sample isotropic function
scatter
made it while loop 29
d = 1.39274
absorbed
absorbed
made it to loop 30
made it into sample isotropic function
made it while loop 30
d = 0.718971
scatter
made it into sample isotropic function
scatter
made it while loop 30
d = 0.593136
absorbed
absorbed
made it to loop 31
made it into sample isotropic function
made it while loop 31
d = 2.17305
absorbed
absorbed
made it to loop 32
made it into sample isotropic function
made it while loop 32
d = 1.36437
scatter
made it into sample isotropic function
scatter
made it while loop 32
d = 1.03792
scatter
made it into sample isotropic function
scatter
made it while loop 32
d = 0.516391
scatter
made it into sample isotropic function
scatter
made it while loop 32
d = 0.353165
scatter
made it into sample isotropic function
scatter
made it while loop 32
d = 1.69498
scatter
made it into sample isotropic function
scatter
made it while loop 32
d = 0.316689
scatter
made it into sample isotropic function
scatter
made it while loop 32
d = 2.06263
scatter
made it into sample isotropic function
scatter
made it while loop 32
d = 0.695139
d2c caused a termination by exiting the geometry
made it to loop 33
made it into sample isotropic function
made it while loop 33
d = 1.98677
scatter
made it into sample isotropic function
scatter
made it while loop 33
d = 0.225546
scatter
made it into sample isotropic function
scatter
made it while loop 33
d = 0.0447495
scatter
made it into sample isotropic function
scatter
made it while loop 33
d = 0.463291
scatter
made it into sample isotropic function
scatter
made it while loop 33
d = 0.578949
absorbed
absorbed
made it to loop 34
made it into sample isotropic function
made it while loop 34
d = 0.477037
scatter
made it into sample isotropic function
scatter
made it while loop 34
d = 3.72742
absorbed
absorbed
made it to loop 35
made it into sample isotropic function
made it while loop 35
d = 0.457807
scatter
made it into sample isotropic function
scatter
made it while loop 35
d = 1.24149
scatter
made it into sample isotropic function
scatter
made it while loop 35
d = 2.08376
scatter
made it into sample isotropic function
scatter
made it while loop 35
d = 0.261523
scatter
made it into sample isotropic function
scatter
made it while loop 35
d = 1.69113
scatter
made it into sample isotropic function
scatter
made it while loop 35
d = 1.24404
scatter
made it into sample isotropic function
scatter
made it while loop 35
d = 0.897094
scatter
made it into sample isotropic function
scatter
made it while loop 35
d = 1.65734
d2c caused a termination by exiting the geometry
made it to loop 36
made it into sample isotropic function
made it while loop 36
d = 1.97639
scatter
made it into sample isotropic function
scatter
made it while loop 36
d = 1.05661
scatter
made it into sample isotropic function
scatter
made it while loop 36
d = 1.79812
scatter
made it into sample isotropic function
scatter
made it while loop 36
d = 0.281229
scatter
made it into sample isotropic function
scatter
made it while loop 36
d = 1.69654
scatter
made it into sample isotropic function
scatter
made it while loop 36
d = 1.26926
absorbed
absorbed
made it to loop 37
made it into sample isotropic function
made it while loop 37
d = 0.254694
scatter
made it into sample isotropic function
scatter
made it while loop 37
d = 0.613879
scatter
made it into sample isotropic function
scatter
made it while loop 37
d = 2.54999
scatter
made it into sample isotropic function
scatter
made it while loop 37
d = 0.470441
scatter
made it into sample isotropic function
scatter
made it while loop 37
d = 0.306428
scatter
made it into sample isotropic function
scatter
made it while loop 37
d = 0.321223
scatter
made it into sample isotropic function
scatter
made it while loop 37
d = 0.0815713
scatter
made it into sample isotropic function
scatter
made it while loop 37
d = 4.37851
scatter
made it into sample isotropic function
scatter
made it while loop 37
d = 3.73635
absorbed
absorbed
made it to loop 38
made it into sample isotropic function
made it while loop 38
d = 0.819348
scatter
made it into sample isotropic function
scatter
made it while loop 38
d = 0.297699
scatter
made it into sample isotropic function
scatter
made it while loop 38
d = 0.248099
scatter
made it into sample isotropic function
scatter
made it while loop 38
d = 0.0955627
absorbed
absorbed
made it to loop 39
made it into sample isotropic function
made it while loop 39
d = 0.2463
scatter
made it into sample isotropic function
scatter
made it while loop 39
d = 0.86078
scatter
made it into sample isotropic function
scatter
made it while loop 39
d = 2.56348
scatter
made it into sample isotropic function
scatter
made it while loop 39
d = 0.569647
scatter
made it into sample isotropic function
scatter
made it while loop 39
d = 3.6682
scatter
made it into sample isotropic function
scatter
made it while loop 39
d = 2.8907
scatter
made it into sample isotropic function
scatter
made it while loop 39
d = 1.26274
scatter
made it into sample isotropic function
scatter
made it while loop 39
d = 0.2748
scatter
made it into sample isotropic function
scatter
made it while loop 39
d = 0.169859
absorbed
absorbed
made it to loop 40
made it into sample isotropic function
made it while loop 40
d = 0.910238
absorbed
absorbed
made it to loop 41
made it into sample isotropic function
made it while loop 41
d = 0.679855
absorbed
absorbed
made it to loop 42
made it into sample isotropic function
made it while loop 42
d = 0.611143
scatter
made it into sample isotropic function
scatter
made it while loop 42
d = 0.295765
scatter
made it into sample isotropic function
scatter
made it while loop 42
d = 0.64778
scatter
made it into sample isotropic function
scatter
made it while loop 42
d = 0.582017
scatter
made it into sample isotropic function
scatter
made it while loop 42
d = 0.166411
scatter
made it into sample isotropic function
scatter
made it while loop 42
d = 1.77728
absorbed
absorbed
made it to loop 43
made it into sample isotropic function
made it while loop 43
d = 0.938046
scatter
made it into sample isotropic function
scatter
made it while loop 43
d = 3.9321
absorbed
absorbed
made it to loop 44
made it into sample isotropic function
made it while loop 44
d = 0.0766445
scatter
made it into sample isotropic function
scatter
made it while loop 44
d = 0.913821
scatter
made it into sample isotropic function
scatter
made it while loop 44
d = 0.579798
scatter
made it into sample isotropic function
scatter
made it while loop 44
d = 0.521897
scatter
made it into sample isotropic function
scatter
made it while loop 44
d = 0.609639
scatter
made it into sample isotropic function
scatter
made it while loop 44
d = 0.553267
absorbed
absorbed
made it to loop 45
made it into sample isotropic function
made it while loop 45
d = 0.192721
scatter
made it into sample isotropic function
scatter
made it while loop 45
d = 0.659783
scatter
made it into sample isotropic function
scatter
made it while loop 45
d = 3.18395
scatter
made it into sample isotropic function
scatter
made it while loop 45
d = 0.342163
scatter
made it into sample isotropic function
scatter
made it while loop 45
d = 0.0978318
scatter
made it into sample isotropic function
scatter
made it while loop 45
d = 0.750853
scatter
made it into sample isotropic function
scatter
made it while loop 45
d = 0.623356
scatter
made it into sample isotropic function
scatter
made it while loop 45
d = 0.072306
absorbed
absorbed
made it to loop 46
made it into sample isotropic function
made it while loop 46
d = 0.289715
scatter
made it into sample isotropic function
scatter
made it while loop 46
d = 0.486949
scatter
made it into sample isotropic function
scatter
made it while loop 46
d = 0.742427
scatter
made it into sample isotropic function
scatter
made it while loop 46
d = 1.78629
scatter
made it into sample isotropic function
scatter
made it while loop 46
d = 1.74118
absorbed
absorbed
made it to loop 47
made it into sample isotropic function
made it while loop 47
d = 0.00891313
scatter
made it into sample isotropic function
scatter
made it while loop 47
d = 0.021204
scatter
made it into sample isotropic function
scatter
made it while loop 47
d = 0.849997
absorbed
absorbed
made it to loop 48
made it into sample isotropic function
made it while loop 48
d = 0.187783
scatter
made it into sample isotropic function
scatter
made it while loop 48
d = 3.00164
scatter
made it into sample isotropic function
scatter
made it while loop 48
d = 0.401857
scatter
made it into sample isotropic function
scatter
made it while loop 48
d = 0.033872
scatter
made it into sample isotropic function
scatter
made it while loop 48
d = 3.22227
d2c caused a termination by exiting the geometry
made it to loop 49
made it into sample isotropic function
made it while loop 49
d = 3.35108
scatter
made it into sample isotropic function
scatter
made it while loop 49
d = 2.44473
d2c caused a termination by exiting the geometry
made it to loop 50
made it into sample isotropic function
made it while loop 50
d = 0.012703
scatter
made it into sample isotropic function
scatter
made it while loop 50
d = 0.674091
scatter
made it into sample isotropic function
scatter
made it while loop 50
d = 0.643159
scatter
made it into sample isotropic function
scatter
made it while loop 50
d = 0.292142
scatter
made it into sample isotropic function
scatter
made it while loop 50
d = 0.124214
scatter
made it into sample isotropic function
scatter
made it while loop 50
d = 0.045806
scatter
made it into sample isotropic function
scatter
made it while loop 50
d = 0.797218
scatter
made it into sample isotropic function
scatter
made it while loop 50
d = 1.05964
absorbed
absorbed
made it to loop 51
made it into sample isotropic function
made it while loop 51
d = 0.96211
scatter
made it into sample isotropic function
scatter
made it while loop 51
d = 1.22528
scatter
made it into sample isotropic function
scatter
made it while loop 51
d = 0.908085
scatter
made it into sample isotropic function
scatter
made it while loop 51
d = 0.0160658
scatter
made it into sample isotropic function
scatter
made it while loop 51
d = 1.25902
scatter
made it into sample isotropic function
scatter
made it while loop 51
d = 1.4615
scatter
made it into sample isotropic function
scatter
made it while loop 51
d = 1.59281
scatter
made it into sample isotropic function
scatter
made it while loop 51
d = 0.129802
scatter
made it into sample isotropic function
scatter
made it while loop 51
d = 1.15817
scatter
made it into sample isotropic function
scatter
made it while loop 51
d = 0.0655166
scatter
made it into sample isotropic function
scatter
made it while loop 51
d = 0.15122
scatter
made it into sample isotropic function
scatter
made it while loop 51
d = 0.345442
scatter
made it into sample isotropic function
scatter
made it while loop 51
d = 0.548732
absorbed
absorbed
made it to loop 52
made it into sample isotropic function
made it while loop 52
d = 0.16875
scatter
made it into sample isotropic function
scatter
made it while loop 52
d = 0.414276
scatter
made it into sample isotropic function
scatter
made it while loop 52
d = 0.589769
scatter
made it into sample isotropic function
scatter
made it while loop 52
d = 2.18331
absorbed
absorbed
made it to loop 53
made it into sample isotropic function
made it while loop 53
d = 0.564429
absorbed
absorbed
made it to loop 54
made it into sample isotropic function
made it while loop 54
d = 1.01293
scatter
made it into sample isotropic function
scatter
made it while loop 54
d = 0.836247
scatter
made it into sample isotropic function
scatter
made it while loop 54
d = 0.190052
scatter
made it into sample isotropic function
scatter
made it while loop 54
d = 0.129708
scatter
made it into sample isotropic function
scatter
made it while loop 54
d = 0.388493
scatter
made it into sample isotropic function
scatter
made it while loop 54
d = 3.01192
scatter
made it into sample isotropic function
scatter
made it while loop 54
d = 0.958052
scatter
made it into sample isotropic function
scatter
made it while loop 54
d = 1.6096
scatter
made it into sample isotropic function
scatter
made it while loop 54
d = 1.83232
absorbed
absorbed
made it to loop 55
made it into sample isotropic function
made it while loop 55
d = 0.139088
scatter
made it into sample isotropic function
scatter
made it while loop 55
d = 2.00039
absorbed
absorbed
made it to loop 56
made it into sample isotropic function
made it while loop 56
d = 2.18273
scatter
made it into sample isotropic function
scatter
made it while loop 56
d = 2.24021
scatter
made it into sample isotropic function
scatter
made it while loop 56
d = 2.04441
scatter
made it into sample isotropic function
scatter
made it while loop 56
d = 1.36738
scatter
made it into sample isotropic function
scatter
made it while loop 56
d = 0.0320113
scatter
made it into sample isotropic function
scatter
made it while loop 56
d = 0.381641
scatter
made it into sample isotropic function
scatter
made it while loop 56
d = 1.781
scatter
made it into sample isotropic function
scatter
made it while loop 56
d = 0.146727
scatter
made it into sample isotropic function
scatter
made it while loop 56
d = 0.389911
scatter
made it into sample isotropic function
scatter
made it while loop 56
d = 2.09759
scatter
made it into sample isotropic function
scatter
made it while loop 56
d = 2.13618
absorbed
absorbed
made it to loop 57
made it into sample isotropic function
made it while loop 57
d = 0.744278
scatter
made it into sample isotropic function
scatter
made it while loop 57
d = 0.541235
scatter
made it into sample isotropic function
scatter
made it while loop 57
d = 0.868545
scatter
made it into sample isotropic function
scatter
made it while loop 57
d = 1.03586
scatter
made it into sample isotropic function
scatter
made it while loop 57
d = 0.527161
scatter
made it into sample isotropic function
scatter
made it while loop 57
d = 0.0944843
scatter
made it into sample isotropic function
scatter
made it while loop 57
d = 0.958099
scatter
made it into sample isotropic function
scatter
made it while loop 57
d = 1.54287
scatter
made it into sample isotropic function
scatter
made it while loop 57
d = 0.674683
scatter
made it into sample isotropic function
scatter
made it while loop 57
d = 1.38909
scatter
made it into sample isotropic function
scatter
made it while loop 57
d = 1.08736
scatter
made it into sample isotropic function
scatter
made it while loop 57
d = 0.839023
scatter
made it into sample isotropic function
scatter
made it while loop 57
d = 2.23828
scatter
made it into sample isotropic function
scatter
made it while loop 57
d = 0.684924
scatter
made it into sample isotropic function
scatter
made it while loop 57
d = 0.444073
scatter
made it into sample isotropic function
scatter
made it while loop 57
d = 0.211415
absorbed
absorbed
made it to loop 58
made it into sample isotropic function
made it while loop 58
d = 0.725273
scatter
made it into sample isotropic function
scatter
made it while loop 58
d = 0.644267
scatter
made it into sample isotropic function
scatter
made it while loop 58
d = 1.62535
scatter
made it into sample isotropic function
scatter
made it while loop 58
d = 0.186856
scatter
made it into sample isotropic function
scatter
made it while loop 58
d = 2.87169
scatter
made it into sample isotropic function
scatter
made it while loop 58
d = 0.456477
scatter
made it into sample isotropic function
scatter
made it while loop 58
d = 0.710313
scatter
made it into sample isotropic function
scatter
made it while loop 58
d = 2.25715
scatter
made it into sample isotropic function
scatter
made it while loop 58
d = 1.29652
scatter
made it into sample isotropic function
scatter
made it while loop 58
d = 0.037494
absorbed
absorbed
made it to loop 59
made it into sample isotropic function
made it while loop 59
d = 0.991386
scatter
made it into sample isotropic function
scatter
made it while loop 59
d = 0.659903
scatter
made it into sample isotropic function
scatter
made it while loop 59
d = 0.902722
scatter
made it into sample isotropic function
scatter
made it while loop 59
d = 2.73371
scatter
made it into sample isotropic function
scatter
made it while loop 59
d = 2.89328
scatter
made it into sample isotropic function
scatter
made it while loop 59
d = 0.919956
scatter
made it into sample isotropic function
scatter
made it while loop 59
d = 0.280068
absorbed
absorbed
made it to loop 60
made it into sample isotropic function
made it while loop 60
d = 0.407919
scatter
made it into sample isotropic function
scatter
made it while loop 60
d = 0.11244
scatter
made it into sample isotropic function
scatter
made it while loop 60
d = 0.768546
scatter
made it into sample isotropic function
scatter
made it while loop 60
d = 1.38059
scatter
made it into sample isotropic function
scatter
made it while loop 60
d = 3.06667
scatter
made it into sample isotropic function
scatter
made it while loop 60
d = 1.19833
scatter
made it into sample isotropic function
scatter
made it while loop 60
d = 0.630717
scatter
made it into sample isotropic function
scatter
made it while loop 60
d = 1.7848
scatter
made it into sample isotropic function
scatter
made it while loop 60
d = 0.639863
scatter
made it into sample isotropic function
scatter
made it while loop 60
d = 0.217838
scatter
made it into sample isotropic function
scatter
made it while loop 60
d = 0.522062
absorbed
absorbed
made it to loop 61
made it into sample isotropic function
made it while loop 61
d = 0.471466
scatter
made it into sample isotropic function
scatter
made it while loop 61
d = 0.630153
scatter
made it into sample isotropic function
scatter
made it while loop 61
d = 2.7222
scatter
made it into sample isotropic function
scatter
made it while loop 61
d = 0.793468
scatter
made it into sample isotropic function
scatter
made it while loop 61
d = 0.637981
absorbed
absorbed
made it to loop 62
made it into sample isotropic function
made it while loop 62
d = 1.22794
scatter
made it into sample isotropic function
scatter
made it while loop 62
d = 0.290574
scatter
made it into sample isotropic function
scatter
made it while loop 62
d = 1.83722
scatter
made it into sample isotropic function
scatter
made it while loop 62
d = 1.90788
scatter
made it into sample isotropic function
scatter
made it while loop 62
d = 0.690633
absorbed
absorbed
made it to loop 63
made it into sample isotropic function
made it while loop 63
d = 1.14105
scatter
made it into sample isotropic function
scatter
made it while loop 63
d = 0.66709
scatter
made it into sample isotropic function
scatter
made it while loop 63
d = 0.152501
scatter
made it into sample isotropic function
scatter
made it while loop 63
d = 1.80194
scatter
made it into sample isotropic function
scatter
made it while loop 63
d = 0.637207
scatter
made it into sample isotropic function
scatter
made it while loop 63
d = 0.00184474
absorbed
absorbed
made it to loop 64
made it into sample isotropic function
made it while loop 64
d = 1.69801
scatter
made it into sample isotropic function
scatter
made it while loop 64
d = 0.591502
scatter
made it into sample isotropic function
scatter
made it while loop 64
d = 0.615257
scatter
made it into sample isotropic function
scatter
made it while loop 64
d = 1.09862
scatter
made it into sample isotropic function
scatter
made it while loop 64
d = 0.7278
scatter
made it into sample isotropic function
scatter
made it while loop 64
d = 0.70261
absorbed
absorbed
made it to loop 65
made it into sample isotropic function
made it while loop 65
d = 0.414171
scatter
made it into sample isotropic function
scatter
made it while loop 65
d = 1.53594
scatter
made it into sample isotropic function
scatter
made it while loop 65
d = 1.38525
scatter
made it into sample isotropic function
scatter
made it while loop 65
d = 0.0967894
scatter
made it into sample isotropic function
scatter
made it while loop 65
d = 0.00331695
scatter
made it into sample isotropic function
scatter
made it while loop 65
d = 0.0751079
scatter
made it into sample isotropic function
scatter
made it while loop 65
d = 0.12657
scatter
made it into sample isotropic function
scatter
made it while loop 65
d = 1.1379
scatter
made it into sample isotropic function
scatter
made it while loop 65
d = 0.0704868
scatter
made it into sample isotropic function
scatter
made it while loop 65
d = 2.19421
scatter
made it into sample isotropic function
scatter
made it while loop 65
d = 0.0620253
scatter
made it into sample isotropic function
scatter
made it while loop 65
d = 0.471486
scatter
made it into sample isotropic function
scatter
made it while loop 65
d = 0.391908
scatter
made it into sample isotropic function
scatter
made it while loop 65
d = 0.0492892
scatter
made it into sample isotropic function
scatter
made it while loop 65
d = 0.999926
scatter
made it into sample isotropic function
scatter
made it while loop 65
d = 0.470113
scatter
made it into sample isotropic function
scatter
made it while loop 65
d = 0.0206179
absorbed
absorbed
made it to loop 66
made it into sample isotropic function
made it while loop 66
d = 0.971363
scatter
made it into sample isotropic function
scatter
made it while loop 66
d = 0.0268645
scatter
made it into sample isotropic function
scatter
made it while loop 66
d = 1.26047
scatter
made it into sample isotropic function
scatter
made it while loop 66
d = 1.69007
scatter
made it into sample isotropic function
scatter
made it while loop 66
d = 2.83484
scatter
made it into sample isotropic function
scatter
made it while loop 66
d = 0.690122
scatter
made it into sample isotropic function
scatter
made it while loop 66
d = 0.231614
scatter
made it into sample isotropic function
scatter
made it while loop 66
d = 0.489924
absorbed
absorbed
made it to loop 67
made it into sample isotropic function
made it while loop 67
d = 0.788597
scatter
made it into sample isotropic function
scatter
made it while loop 67
d = 0.984995
scatter
made it into sample isotropic function
scatter
made it while loop 67
d = 0.324217
scatter
made it into sample isotropic function
scatter
made it while loop 67
d = 0.000180976
scatter
made it into sample isotropic function
scatter
made it while loop 67
d = 0.735485
scatter
made it into sample isotropic function
scatter
made it while loop 67
d = 1.21661
scatter
made it into sample isotropic function
scatter
made it while loop 67
d = 0.068569
scatter
made it into sample isotropic function
scatter
made it while loop 67
d = 1.83375
scatter
made it into sample isotropic function
scatter
made it while loop 67
d = 0.245298
scatter
made it into sample isotropic function
scatter
made it while loop 67
d = 0.971347
scatter
made it into sample isotropic function
scatter
made it while loop 67
d = 0.456806
scatter
made it into sample isotropic function
scatter
made it while loop 67
d = 0.518294
absorbed
absorbed
made it to loop 68
made it into sample isotropic function
made it while loop 68
d = 0.654027
scatter
made it into sample isotropic function
scatter
made it while loop 68
d = 2.35314
scatter
made it into sample isotropic function
scatter
made it while loop 68
d = 0.158169
scatter
made it into sample isotropic function
scatter
made it while loop 68
d = 1.72945
absorbed
absorbed
made it to loop 69
made it into sample isotropic function
made it while loop 69
d = 1.20914
scatter
made it into sample isotropic function
scatter
made it while loop 69
d = 3.77545
scatter
made it into sample isotropic function
scatter
made it while loop 69
d = 0.942759
d2c caused a termination by exiting the geometry
made it to loop 70
made it into sample isotropic function
made it while loop 70
d = 2.67838
scatter
made it into sample isotropic function
scatter
made it while loop 70
d = 1.18601
scatter
made it into sample isotropic function
scatter
made it while loop 70
d = 0.838969
scatter
made it into sample isotropic function
scatter
made it while loop 70
d = 0.489406
scatter
made it into sample isotropic function
scatter
made it while loop 70
d = 1.27855
scatter
made it into sample isotropic function
scatter
made it while loop 70
d = 0.475233
d2c caused a termination by exiting the geometry
made it to loop 71
made it into sample isotropic function
made it while loop 71
d = 0.399092
scatter
made it into sample isotropic function
scatter
made it while loop 71
d = 0.0553186
scatter
made it into sample isotropic function
scatter
made it while loop 71
d = 0.876341
scatter
made it into sample isotropic function
scatter
made it while loop 71
d = 2.23135
absorbed
absorbed
made it to loop 72
made it into sample isotropic function
made it while loop 72
d = 0.636622
scatter
made it into sample isotropic function
scatter
made it while loop 72
d = 0.155175
scatter
made it into sample isotropic function
scatter
made it while loop 72
d = 0.492862
scatter
made it into sample isotropic function
scatter
made it while loop 72
d = 0.449856
scatter
made it into sample isotropic function
scatter
made it while loop 72
d = 1.06453
scatter
made it into sample isotropic function
scatter
made it while loop 72
d = 2.17078
scatter
made it into sample isotropic function
scatter
made it while loop 72
d = 1.40988
scatter
made it into sample isotropic function
scatter
made it while loop 72
d = 2.17501
scatter
made it into sample isotropic function
scatter
made it while loop 72
d = 0.792939
absorbed
absorbed
made it to loop 73
made it into sample isotropic function
made it while loop 73
d = 3.65295
scatter
made it into sample isotropic function
scatter
made it while loop 73
d = 0.700552
absorbed
absorbed
made it to loop 74
made it into sample isotropic function
made it while loop 74
d = 0.576621
scatter
made it into sample isotropic function
scatter
made it while loop 74
d = 0.0870354
scatter
made it into sample isotropic function
scatter
made it while loop 74
d = 0.0110351
scatter
made it into sample isotropic function
scatter
made it while loop 74
d = 0.799009
scatter
made it into sample isotropic function
scatter
made it while loop 74
d = 1.19594
scatter
made it into sample isotropic function
scatter
made it while loop 74
d = 1.28412
scatter
made it into sample isotropic function
scatter
made it while loop 74
d = 0.715582
scatter
made it into sample isotropic function
scatter
made it while loop 74
d = 0.0854188
scatter
made it into sample isotropic function
scatter
made it while loop 74
d = 0.751385
scatter
made it into sample isotropic function
scatter
made it while loop 74
d = 1.0192
scatter
made it into sample isotropic function
scatter
made it while loop 74
d = 1.53554
scatter
made it into sample isotropic function
scatter
made it while loop 74
d = 0.140818
scatter
made it into sample isotropic function
scatter
made it while loop 74
d = 1.32872
scatter
made it into sample isotropic function
scatter
made it while loop 74
d = 0.309805
scatter
made it into sample isotropic function
scatter
made it while loop 74
d = 3.36689
absorbed
absorbed
made it to loop 75
made it into sample isotropic function
made it while loop 75
d = 0.599221
scatter
made it into sample isotropic function
scatter
made it while loop 75
d = 0.203062
scatter
made it into sample isotropic function
scatter
made it while loop 75
d = 1.08993
scatter
made it into sample isotropic function
scatter
made it while loop 75
d = 0.303758
absorbed
absorbed
made it to loop 76
made it into sample isotropic function
made it while loop 76
d = 0.672649
scatter
made it into sample isotropic function
scatter
made it while loop 76
d = 1.20798
scatter
made it into sample isotropic function
scatter
made it while loop 76
d = 0.24958
scatter
made it into sample isotropic function
scatter
made it while loop 76
d = 0.97578
scatter
made it into sample isotropic function
scatter
made it while loop 76
d = 3.119
scatter
made it into sample isotropic function
scatter
made it while loop 76
d = 0.281818
scatter
made it into sample isotropic function
scatter
made it while loop 76
d = 2.1898
scatter
made it into sample isotropic function
scatter
made it while loop 76
d = 0.345254
scatter
made it into sample isotropic function
scatter
made it while loop 76
d = 0.0982725
scatter
made it into sample isotropic function
scatter
made it while loop 76
d = 2.01213
scatter
made it into sample isotropic function
scatter
made it while loop 76
d = 1.43338
scatter
made it into sample isotropic function
scatter
made it while loop 76
d = 0.0505294
scatter
made it into sample isotropic function
scatter
made it while loop 76
d = 1.03156
scatter
made it into sample isotropic function
scatter
made it while loop 76
d = 0.114072
scatter
made it into sample isotropic function
scatter
made it while loop 76
d = 1.50506
scatter
made it into sample isotropic function
scatter
made it while loop 76
d = 1.50364
scatter
made it into sample isotropic function
scatter
made it while loop 76
d = 1.5558
scatter
made it into sample isotropic function
scatter
made it while loop 76
d = 1.79742
scatter
made it into sample isotropic function
scatter
made it while loop 76
d = 0.956981
scatter
made it into sample isotropic function
scatter
made it while loop 76
d = 1.80671
scatter
made it into sample isotropic function
scatter
made it while loop 76
d = 0.0616697
scatter
made it into sample isotropic function
scatter
made it while loop 76
d = 0.295481
absorbed
absorbed
made it to loop 77
made it into sample isotropic function
made it while loop 77
d = 1.07604
scatter
made it into sample isotropic function
scatter
made it while loop 77
d = 1.23413
scatter
made it into sample isotropic function
scatter
made it while loop 77
d = 1.27132
scatter
made it into sample isotropic function
scatter
made it while loop 77
d = 0.397971
scatter
made it into sample isotropic function
scatter
made it while loop 77
d = 0.25298
scatter
made it into sample isotropic function
scatter
made it while loop 77
d = 0.371196
scatter
made it into sample isotropic function
scatter
made it while loop 77
d = 0.342272
scatter
made it into sample isotropic function
scatter
made it while loop 77
d = 0.00944032
scatter
made it into sample isotropic function
scatter
made it while loop 77
d = 0.0713607
scatter
made it into sample isotropic function
scatter
made it while loop 77
d = 1.78108
scatter
made it into sample isotropic function
scatter
made it while loop 77
d = 0.673091
scatter
made it into sample isotropic function
scatter
made it while loop 77
d = 0.488909
scatter
made it into sample isotropic function
scatter
made it while loop 77
d = 0.393164
scatter
made it into sample isotropic function
scatter
made it while loop 77
d = 3.40195
scatter
made it into sample isotropic function
scatter
made it while loop 77
d = 1.5
scatter
made it into sample isotropic function
scatter
made it while loop 77
d = 1.34678
scatter
made it into sample isotropic function
scatter
made it while loop 77
d = 1.27892
scatter
made it into sample isotropic function
scatter
made it while loop 77
d = 0.511573
absorbed
absorbed
made it to loop 78
made it into sample isotropic function
made it while loop 78
d = 1.44367
scatter
made it into sample isotropic function
scatter
made it while loop 78
d = 0.391529
scatter
made it into sample isotropic function
scatter
made it while loop 78
d = 1.76033
scatter
made it into sample isotropic function
scatter
made it while loop 78
d = 0.785534
absorbed
absorbed
made it to loop 79
made it into sample isotropic function
made it while loop 79
d = 0.152579
scatter
made it into sample isotropic function
scatter
made it while loop 79
d = 2.40848
absorbed
absorbed
made it to loop 80
made it into sample isotropic function
made it while loop 80
d = 0.459327
scatter
made it into sample isotropic function
scatter
made it while loop 80
d = 2.75975
scatter
made it into sample isotropic function
scatter
made it while loop 80
d = 2.23994
scatter
made it into sample isotropic function
scatter
made it while loop 80
d = 0.59632
d2c caused a termination by exiting the geometry
made it to loop 81
made it into sample isotropic function
made it while loop 81
d = 1.09955
scatter
made it into sample isotropic function
scatter
made it while loop 81
d = 0.60523
scatter
made it into sample isotropic function
scatter
made it while loop 81
d = 0.796608
scatter
made it into sample isotropic function
scatter
made it while loop 81
d = 1.46437
scatter
made it into sample isotropic function
scatter
made it while loop 81
d = 1.89017
scatter
made it into sample isotropic function
scatter
made it while loop 81
d = 1.15587
scatter
made it into sample isotropic function
scatter
made it while loop 81
d = 0.0249009
scatter
made it into sample isotropic function
scatter
made it while loop 81
d = 1.85617
scatter
made it into sample isotropic function
scatter
made it while loop 81
d = 2.53776
scatter
made it into sample isotropic function
scatter
made it while loop 81
d = 0.238047
scatter
made it into sample isotropic function
scatter
made it while loop 81
d = 3.03789
scatter
made it into sample isotropic function
scatter
made it while loop 81
d = 0.0697397
d2c caused a termination by exiting the geometry
made it to loop 82
made it into sample isotropic function
made it while loop 82
d = 0.0148814
scatter
made it into sample isotropic function
scatter
made it while loop 82
d = 0.234535
scatter
made it into sample isotropic function
scatter
made it while loop 82
d = 0.336037
scatter
made it into sample isotropic function
scatter
made it while loop 82
d = 0.339486
scatter
made it into sample isotropic function
scatter
made it while loop 82
d = 0.366093
scatter
made it into sample isotropic function
scatter
made it while loop 82
d = 0.968314
scatter
made it into sample isotropic function
scatter
made it while loop 82
d = 1.68291
scatter
made it into sample isotropic function
scatter
made it while loop 82
d = 0.34619
scatter
made it into sample isotropic function
scatter
made it while loop 82
d = 2.17691
absorbed
absorbed
made it to loop 83
made it into sample isotropic function
made it while loop 83
d = 0.287743
scatter
made it into sample isotropic function
scatter
made it while loop 83
d = 1.76439
absorbed
absorbed
made it to loop 84
made it into sample isotropic function
made it while loop 84
d = 0.445568
scatter
made it into sample isotropic function
scatter
made it while loop 84
d = 0.293981
scatter
made it into sample isotropic function
scatter
made it while loop 84
d = 0.179154
absorbed
absorbed
made it to loop 85
made it into sample isotropic function
made it while loop 85
d = 2.57197
scatter
made it into sample isotropic function
scatter
made it while loop 85
d = 2.98873
scatter
made it into sample isotropic function
scatter
made it while loop 85
d = 0.718175
scatter
made it into sample isotropic function
scatter
made it while loop 85
d = 0.5305
scatter
made it into sample isotropic function
scatter
made it while loop 85
d = 0.350906
scatter
made it into sample isotropic function
scatter
made it while loop 85
d = 1.95854
scatter
made it into sample isotropic function
scatter
made it while loop 85
d = 0.45964
scatter
made it into sample isotropic function
scatter
made it while loop 85
d = 0.269103
scatter
made it into sample isotropic function
scatter
made it while loop 85
d = 0.941916
scatter
made it into sample isotropic function
scatter
made it while loop 85
d = 0.412674
scatter
made it into sample isotropic function
scatter
made it while loop 85
d = 0.349373
scatter
made it into sample isotropic function
scatter
made it while loop 85
d = 1.23581
scatter
made it into sample isotropic function
scatter
made it while loop 85
d = 0.763084
scatter
made it into sample isotropic function
scatter
made it while loop 85
d = 2.35274
scatter
made it into sample isotropic function
scatter
made it while loop 85
d = 0.181393
d2c caused a termination by exiting the geometry
made it to loop 86
made it into sample isotropic function
made it while loop 86
d = 0.451823
scatter
made it into sample isotropic function
scatter
made it while loop 86
d = 0.538541
scatter
made it into sample isotropic function
scatter
made it while loop 86
d = 0.623404
scatter
made it into sample isotropic function
scatter
made it while loop 86
d = 0.770061
scatter
made it into sample isotropic function
scatter
made it while loop 86
d = 0.560061
scatter
made it into sample isotropic function
scatter
made it while loop 86
d = 1.37949
scatter
made it into sample isotropic function
scatter
made it while loop 86
d = 0.498172
scatter
made it into sample isotropic function
scatter
made it while loop 86
d = 1.26411
scatter
made it into sample isotropic function
scatter
made it while loop 86
d = 1.89589
scatter
made it into sample isotropic function
scatter
made it while loop 86
d = 0.651879
absorbed
absorbed
made it to loop 87
made it into sample isotropic function
made it while loop 87
d = 0.33539
scatter
made it into sample isotropic function
scatter
made it while loop 87
d = 0.425266
scatter
made it into sample isotropic function
scatter
made it while loop 87
d = 0.254059
scatter
made it into sample isotropic function
scatter
made it while loop 87
d = 3.02949
scatter
made it into sample isotropic function
scatter
made it while loop 87
d = 0.481196
scatter
made it into sample isotropic function
scatter
made it while loop 87
d = 0.00540906
scatter
made it into sample isotropic function
scatter
made it while loop 87
d = 3.97497
scatter
made it into sample isotropic function
scatter
made it while loop 87
d = 0.285231
scatter
made it into sample isotropic function
scatter
made it while loop 87
d = 1.58761
scatter
made it into sample isotropic function
scatter
made it while loop 87
d = 1.40654
scatter
made it into sample isotropic function
scatter
made it while loop 87
d = 1.4572
scatter
made it into sample isotropic function
scatter
made it while loop 87
d = 0.178588
scatter
made it into sample isotropic function
scatter
made it while loop 87
d = 0.0271811
scatter
made it into sample isotropic function
scatter
made it while loop 87
d = 1.50833
scatter
made it into sample isotropic function
scatter
made it while loop 87
d = 1.33854
d2c caused a termination by exiting the geometry
made it to loop 88
made it into sample isotropic function
made it while loop 88
d = 0.790041
scatter
made it into sample isotropic function
scatter
made it while loop 88
d = 0.255239
scatter
made it into sample isotropic function
scatter
made it while loop 88
d = 0.6107
scatter
made it into sample isotropic function
scatter
made it while loop 88
d = 0.564291
absorbed
absorbed
made it to loop 89
made it into sample isotropic function
made it while loop 89
d = 0.477287
scatter
made it into sample isotropic function
scatter
made it while loop 89
d = 0.247968
scatter
made it into sample isotropic function
scatter
made it while loop 89
d = 0.309576
scatter
made it into sample isotropic function
scatter
made it while loop 89
d = 0.977234
scatter
made it into sample isotropic function
scatter
made it while loop 89
d = 0.0111725
scatter
made it into sample isotropic function
scatter
made it while loop 89
d = 1.53517
absorbed
absorbed
made it to loop 90
made it into sample isotropic function
made it while loop 90
d = 1.23874
absorbed
absorbed
made it to loop 91
made it into sample isotropic function
made it while loop 91
d = 1.53017
scatter
made it into sample isotropic function
scatter
made it while loop 91
d = 1.5549
absorbed
absorbed
made it to loop 92
made it into sample isotropic function
made it while loop 92
d = 0.367156
scatter
made it into sample isotropic function
scatter
made it while loop 92
d = 1.87531
scatter
made it into sample isotropic function
scatter
made it while loop 92
d = 2.9837
scatter
made it into sample isotropic function
scatter
made it while loop 92
d = 0.813197
scatter
made it into sample isotropic function
scatter
made it while loop 92
d = 0.560684
scatter
made it into sample isotropic function
scatter
made it while loop 92
d = 0.702937
scatter
made it into sample isotropic function
scatter
made it while loop 92
d = 0.376951
scatter
made it into sample isotropic function
scatter
made it while loop 92
d = 1.45989
scatter
made it into sample isotropic function
scatter
made it while loop 92
d = 0.537612
scatter
made it into sample isotropic function
scatter
made it while loop 92
d = 0.236607
scatter
made it into sample isotropic function
scatter
made it while loop 92
d = 4.10684
scatter
made it into sample isotropic function
scatter
made it while loop 92
d = 1.13092
scatter
made it into sample isotropic function
scatter
made it while loop 92
d = 0.997301
scatter
made it into sample isotropic function
scatter
made it while loop 92
d = 0.245814
absorbed
absorbed
made it to loop 93
made it into sample isotropic function
made it while loop 93
d = 1.21755
scatter
made it into sample isotropic function
scatter
made it while loop 93
d = 2.22665
scatter
made it into sample isotropic function
scatter
made it while loop 93
d = 1.08715
scatter
made it into sample isotropic function
scatter
made it while loop 93
d = 0.110565
scatter
made it into sample isotropic function
scatter
made it while loop 93
d = 2.67055
d2c caused a termination by exiting the geometry
made it to loop 94
made it into sample isotropic function
made it while loop 94
d = 0.546382
absorbed
absorbed
made it to loop 95
made it into sample isotropic function
made it while loop 95
d = 1.63216
scatter
made it into sample isotropic function
scatter
made it while loop 95
d = 0.142277
absorbed
absorbed
made it to loop 96
made it into sample isotropic function
made it while loop 96
d = 0.286169
scatter
made it into sample isotropic function
scatter
made it while loop 96
d = 1.14394
scatter
made it into sample isotropic function
scatter
made it while loop 96
d = 2.56029
scatter
made it into sample isotropic function
scatter
made it while loop 96
d = 0.0373816
scatter
made it into sample isotropic function
scatter
made it while loop 96
d = 0.701911
scatter
made it into sample isotropic function
scatter
made it while loop 96
d = 0.864864
absorbed
absorbed
made it to loop 97
made it into sample isotropic function
made it while loop 97
d = 0.533193
scatter
made it into sample isotropic function
scatter
made it while loop 97
d = 1.15663
scatter
made it into sample isotropic function
scatter
made it while loop 97
d = 0.0065646
scatter
made it into sample isotropic function
scatter
made it while loop 97
d = 1.13672
scatter
made it into sample isotropic function
scatter
made it while loop 97
d = 0.891121
scatter
made it into sample isotropic function
scatter
made it while loop 97
d = 0.41454
scatter
made it into sample isotropic function
scatter
made it while loop 97
d = 1.42643
scatter
made it into sample isotropic function
scatter
made it while loop 97
d = 2.07668
d2c caused a termination by exiting the geometry
made it to loop 98
made it into sample isotropic function
made it while loop 98
d = 1.07928
scatter
made it into sample isotropic function
scatter
made it while loop 98
d = 0.829253
absorbed
absorbed
made it to loop 99
made it into sample isotropic function
made it while loop 99
d = 0.0121085
scatter
made it into sample isotropic function
scatter
made it while loop 99
d = 0.195893
scatter
made it into sample isotropic function
scatter
made it while loop 99
d = 0.67685
scatter
made it into sample isotropic function
scatter
made it while loop 99
d = 2.22588
scatter
made it into sample isotropic function
scatter
made it while loop 99
d = 2.84535
d2c caused a termination by exiting the geometry
made it here
track no: 0 has length 0.28629
track no: 1 has length 1.59803
track no: 2 has length 2.49952
track no: 3 has length 0.882177
track no: 4 has length 0.400811
track no: 5 has length 0.0841622
track no: 6 has length 0.588463
track no: 7 has length 1.72243
track no: 8 has length 0.272446
track no: 9 has length 0.453073
track no: 10 has length 2.17751
track no: 11 has length 0.0438323
track no: 12 has length 0.387221
track no: 13 has length 0.156997
track no: 14 has length 0.0183206
track no: 15 has length 0.929347
track no: 16 has length 0.295471
track no: 17 has length 3.35097
track no: 18 has length 0.534637
track no: 19 has length 0.20725
track no: 20 has length 0.633543
track no: 21 has length 4.28301
track no: 22 has length 1.26636
track no: 23 has length 0.183601
track no: 24 has length 1.36948
track no: 25 has length 0.00647479
track no: 26 has length 0.534465
track no: 27 has length 0.199866
track no: 28 has length 0.974479
track no: 29 has length 0.240209
track no: 30 has length 1.36689
track no: 31 has length 1.06215
track no: 32 has length 3.12244
track no: 33 has length 1.67763
track no: 34 has length 0.0879337
track no: 35 has length 0.242195
track no: 36 has length 0.180237
track no: 37 has length 0.677333
track no: 38 has length 0.395587
track no: 39 has length 2.75901
track no: 40 has length 0.00293943
track no: 41 has length 0.360088
track no: 42 has length 1.92264
track no: 43 has length 0.224017
track no: 44 has length 1.83214
track no: 45 has length 3.9221
track no: 46 has length 0.24182
track no: 47 has length 0.232243
track no: 48 has length 1.19589
track no: 49 has length 0.0376861
track no: 50 has length 1.36369
track no: 51 has length 0.0178799
track no: 52 has length 0.432657
track no: 53 has length 0.764657
track no: 54 has length 2.46581
track no: 55 has length 2.2175
track no: 56 has length 3.23551
track no: 57 has length 0.114937
track no: 58 has length 3.21862
track no: 59 has length 1.58725
track no: 60 has length 0.597386
track no: 61 has length 0.632429
track no: 62 has length 0.115383
track no: 63 has length 1.84144
track no: 64 has length 0.90645
track no: 65 has length 0.228745
track no: 66 has length 0.932108
track no: 67 has length 0.119818
track no: 68 has length 1.28523
track no: 69 has length 0.324393
track no: 70 has length 2.40635
track no: 71 has length 2.4952
track no: 72 has length 0.704343
track no: 73 has length 0.133804
track no: 74 has length 0.166038
track no: 75 has length 0.401112
track no: 76 has length 0.263376
track no: 77 has length 0.462415
track no: 78 has length 0.547434
track no: 79 has length 0.172786
track no: 80 has length 0.212565
track no: 81 has length 2.69064
track no: 82 has length 0.213537
track no: 83 has length 0.547476
track no: 84 has length 1.46934
track no: 85 has length 0.989091
track no: 86 has length 0.740091
track no: 87 has length 1.04598
track no: 88 has length 0.403562
track no: 89 has length 1.0226
track no: 90 has length 2.14825
track no: 91 has length 4.65242
track no: 92 has length 0.66034
track no: 93 has length 0.597355
track no: 94 has length 0.222793
track no: 95 has length 1.90836
track no: 96 has length 0.426738
track no: 97 has length 0.00894187
track no: 98 has length 0.0325908
track no: 99 has length 1.48077
track no: 100 has length 1.11343
track no: 101 has length 3.24662
track no: 102 has length 0.301031
track no: 103 has length 0.783075
track no: 104 has length 0.650158
track no: 105 has length 3.26276
track no: 106 has length 0.268907
track no: 107 has length 0.252925
track no: 108 has length 1.36305
track no: 109 has length 0.0329649
track no: 110 has length 2.37398
track no: 111 has length 0.21793
track no: 112 has length 2.85624
track no: 113 has length 1.23681
track no: 114 has length 1.13758
track no: 115 has length 0.567549
track no: 116 has length 0.539536
track no: 117 has length 0.198285
track no: 118 has length 0.0600083
track no: 119 has length 0.774967
track no: 120 has length 0.283382
track no: 121 has length 0.436906
track no: 122 has length 0.447107
track no: 123 has length 0.0314807
track no: 124 has length 3.47924
track no: 125 has length 0.582444
track no: 126 has length 2.46446
track no: 127 has length 0.783763
track no: 128 has length 1.41186
track no: 129 has length 0.78964
track no: 130 has length 0.338693
track no: 131 has length 0.0685583
track no: 132 has length 0.126663
track no: 133 has length 2.30055
track no: 134 has length 1.78719
track no: 135 has length 0.106898
track no: 136 has length 0.965215
track no: 137 has length 0.198197
track no: 138 has length 2.14043
track no: 139 has length 1.0599
track no: 140 has length 0.933076
track no: 141 has length 0.494677
track no: 142 has length 1.50707
track no: 143 has length 0.393102
track no: 144 has length 0.848975
track no: 145 has length 0.968776
track no: 146 has length 0.164843
track no: 147 has length 1.41706
track no: 148 has length 0.848532
track no: 149 has length 0.557987
track no: 150 has length 0.881119
track no: 151 has length 0.479997
track no: 152 has length 1.74908
track no: 153 has length 0.0657525
track no: 154 has length 0.37304
track no: 155 has length 2.06845
track no: 156 has length 0.633307
track no: 157 has length 1.10625
track no: 158 has length 0.889479
track no: 159 has length 1.68867
track no: 160 has length 1.19174
track no: 161 has length 1.29911
track no: 162 has length 0.625448
track no: 163 has length 1.62773
track no: 164 has length 0.308769
track no: 165 has length 1.89701
track no: 166 has length 0.680039
track no: 167 has length 0.896314
track no: 168 has length 0.498607
track no: 169 has length 2.34844
track no: 170 has length 0.398788
track no: 171 has length 1.56589
track no: 172 has length 0.912697
track no: 173 has length 0.118802
track no: 174 has length 0.472419
track no: 175 has length 1.19608
track no: 176 has length 0.899673
track no: 177 has length 0.5099
track no: 178 has length 0.776586
track no: 179 has length 0.237187
track no: 180 has length 1.65306
track no: 181 has length 0.754472
track no: 182 has length 0.425619
track no: 183 has length 3.12629
track no: 184 has length 0.779796
track no: 185 has length 0.109195
track no: 186 has length 0.420548
track no: 187 has length 0.281475
track no: 188 has length 2.72137
track no: 189 has length 0.012668
track no: 190 has length 0.732742
track no: 191 has length 0.218691
track no: 192 has length 2.08317
track no: 193 has length 1.02538
track no: 194 has length 0.068008
track no: 195 has length 0.39566
track no: 196 has length 0.739931
track no: 197 has length 2.54699
track no: 198 has length 0.238108
track no: 199 has length 0.513871
track no: 200 has length 0.0927367
track no: 201 has length 2.91614
track no: 202 has length 0.208106
track no: 203 has length 0.0371199
track no: 204 has length 0.263646
track no: 205 has length 0.795294
track no: 206 has length 1.87683
track no: 207 has length 1.7665
track no: 208 has length 0.0438066
track no: 209 has length 3.6269
track no: 210 has length 1.27348
track no: 211 has length 1.80301
track no: 212 has length 0.243798
track no: 213 has length 0.243102
track no: 214 has length 1.0397
track no: 215 has length 0.928076
track no: 216 has length 0.234058
track no: 217 has length 0.0165446
track no: 218 has length 0.826615
track no: 219 has length 1.18504
track no: 220 has length 1.39274
track no: 221 has length 0.718971
track no: 222 has length 0.593136
track no: 223 has length 2.17305
track no: 224 has length 1.36437
track no: 225 has length 1.03792
track no: 226 has length 0.516391
track no: 227 has length 0.353165
track no: 228 has length 1.69498
track no: 229 has length 0.316689
track no: 230 has length 2.06263
track no: 231 has length 0.695139
track no: 232 has length 1.98677
track no: 233 has length 0.225546
track no: 234 has length 0.0447495
track no: 235 has length 0.463291
track no: 236 has length 0.578949
track no: 237 has length 0.477037
track no: 238 has length 3.72742
track no: 239 has length 0.457807
track no: 240 has length 1.24149
track no: 241 has length 2.08376
track no: 242 has length 0.261523
track no: 243 has length 1.69113
track no: 244 has length 1.24404
track no: 245 has length 0.897094
track no: 246 has length 1.65734
track no: 247 has length 1.97639
track no: 248 has length 1.05661
track no: 249 has length 1.79812
track no: 250 has length 0.281229
track no: 251 has length 1.69654
track no: 252 has length 1.26926
track no: 253 has length 0.254694
track no: 254 has length 0.613879
track no: 255 has length 2.54999
track no: 256 has length 0.470441
track no: 257 has length 0.306428
track no: 258 has length 0.321223
track no: 259 has length 0.0815713
track no: 260 has length 4.37851
track no: 261 has length 3.73635
track no: 262 has length 0.819348
track no: 263 has length 0.297699
track no: 264 has length 0.248099
track no: 265 has length 0.0955627
track no: 266 has length 0.2463
track no: 267 has length 0.86078
track no: 268 has length 2.56348
track no: 269 has length 0.569647
track no: 270 has length 3.6682
track no: 271 has length 2.8907
track no: 272 has length 1.26274
track no: 273 has length 0.2748
track no: 274 has length 0.169859
track no: 275 has length 0.910238
track no: 276 has length 0.679855
track no: 277 has length 0.611143
track no: 278 has length 0.295765
track no: 279 has length 0.64778
track no: 280 has length 0.582017
track no: 281 has length 0.166411
track no: 282 has length 1.77728
track no: 283 has length 0.938046
track no: 284 has length 3.9321
track no: 285 has length 0.0766445
track no: 286 has length 0.913821
track no: 287 has length 0.579798
track no: 288 has length 0.521897
track no: 289 has length 0.609639
track no: 290 has length 0.553267
track no: 291 has length 0.192721
track no: 292 has length 0.659783
track no: 293 has length 3.18395
track no: 294 has length 0.342163
track no: 295 has length 0.0978318
track no: 296 has length 0.750853
track no: 297 has length 0.623356
track no: 298 has length 0.072306
track no: 299 has length 0.289715
track no: 300 has length 0.486949
track no: 301 has length 0.742427
track no: 302 has length 1.78629
track no: 303 has length 1.74118
track no: 304 has length 0.00891313
track no: 305 has length 0.021204
track no: 306 has length 0.849997
track no: 307 has length 0.187783
track no: 308 has length 3.00164
track no: 309 has length 0.401857
track no: 310 has length 0.033872
track no: 311 has length 3.22227
track no: 312 has length 3.35108
track no: 313 has length 2.44473
track no: 314 has length 0.012703
track no: 315 has length 0.674091
track no: 316 has length 0.643159
track no: 317 has length 0.292142
track no: 318 has length 0.124214
track no: 319 has length 0.045806
track no: 320 has length 0.797218
track no: 321 has length 1.05964
track no: 322 has length 0.96211
track no: 323 has length 1.22528
track no: 324 has length 0.908085
track no: 325 has length 0.0160658
track no: 326 has length 1.25902
track no: 327 has length 1.4615
track no: 328 has length 1.59281
track no: 329 has length 0.129802
track no: 330 has length 1.15817
track no: 331 has length 0.0655166
track no: 332 has length 0.15122
track no: 333 has length 0.345442
track no: 334 has length 0.548732
track no: 335 has length 0.16875
track no: 336 has length 0.414276
track no: 337 has length 0.589769
track no: 338 has length 2.18331
track no: 339 has length 0.564429
track no: 340 has length 1.01293
track no: 341 has length 0.836247
track no: 342 has length 0.190052
track no: 343 has length 0.129708
track no: 344 has length 0.388493
track no: 345 has length 3.01192
track no: 346 has length 0.958052
track no: 347 has length 1.6096
track no: 348 has length 1.83232
track no: 349 has length 0.139088
track no: 350 has length 2.00039
track no: 351 has length 2.18273
track no: 352 has length 2.24021
track no: 353 has length 2.04441
track no: 354 has length 1.36738
track no: 355 has length 0.0320113
track no: 356 has length 0.381641
track no: 357 has length 1.781
track no: 358 has length 0.146727
track no: 359 has length 0.389911
track no: 360 has length 2.09759
track no: 361 has length 2.13618
track no: 362 has length 0.744278
track no: 363 has length 0.541235
track no: 364 has length 0.868545
track no: 365 has length 1.03586
track no: 366 has length 0.527161
track no: 367 has length 0.0944843
track no: 368 has length 0.958099
track no: 369 has length 1.54287
track no: 370 has length 0.674683
track no: 371 has length 1.38909
track no: 372 has length 1.08736
track no: 373 has length 0.839023
track no: 374 has length 2.23828
track no: 375 has length 0.684924
track no: 376 has length 0.444073
track no: 377 has length 0.211415
track no: 378 has length 0.725273
track no: 379 has length 0.644267
track no: 380 has length 1.62535
track no: 381 has length 0.186856
track no: 382 has length 2.87169
track no: 383 has length 0.456477
track no: 384 has length 0.710313
track no: 385 has length 2.25715
track no: 386 has length 1.29652
track no: 387 has length 0.037494
track no: 388 has length 0.991386
track no: 389 has length 0.659903
track no: 390 has length 0.902722
track no: 391 has length 2.73371
track no: 392 has length 2.89328
track no: 393 has length 0.919956
track no: 394 has length 0.280068
track no: 395 has length 0.407919
track no: 396 has length 0.11244
track no: 397 has length 0.768546
track no: 398 has length 1.38059
track no: 399 has length 3.06667
track no: 400 has length 1.19833
track no: 401 has length 0.630717
track no: 402 has length 1.7848
track no: 403 has length 0.639863
track no: 404 has length 0.217838
track no: 405 has length 0.522062
track no: 406 has length 0.471466
track no: 407 has length 0.630153
track no: 408 has length 2.7222
track no: 409 has length 0.793468
track no: 410 has length 0.637981
track no: 411 has length 1.22794
track no: 412 has length 0.290574
track no: 413 has length 1.83722
track no: 414 has length 1.90788
track no: 415 has length 0.690633
track no: 416 has length 1.14105
track no: 417 has length 0.66709
track no: 418 has length 0.152501
track no: 419 has length 1.80194
track no: 420 has length 0.637207
track no: 421 has length 0.00184474
track no: 422 has length 1.69801
track no: 423 has length 0.591502
track no: 424 has length 0.615257
track no: 425 has length 1.09862
track no: 426 has length 0.7278
track no: 427 has length 0.70261
track no: 428 has length 0.414171
track no: 429 has length 1.53594
track no: 430 has length 1.38525
track no: 431 has length 0.0967894
track no: 432 has length 0.00331695
track no: 433 has length 0.0751079
track no: 434 has length 0.12657
track no: 435 has length 1.1379
track no: 436 has length 0.0704868
track no: 437 has length 2.19421
track no: 438 has length 0.0620253
track no: 439 has length 0.471486
track no: 440 has length 0.391908
track no: 441 has length 0.0492892
track no: 442 has length 0.999926
track no: 443 has length 0.470113
track no: 444 has length 0.0206179
track no: 445 has length 0.971363
track no: 446 has length 0.0268645
track no: 447 has length 1.26047
track no: 448 has length 1.69007
track no: 449 has length 2.83484
track no: 450 has length 0.690122
track no: 451 has length 0.231614
track no: 452 has length 0.489924
track no: 453 has length 0.788597
track no: 454 has length 0.984995
track no: 455 has length 0.324217
track no: 456 has length 0.000180976
track no: 457 has length 0.735485
track no: 458 has length 1.21661
track no: 459 has length 0.068569
track no: 460 has length 1.83375
track no: 461 has length 0.245298
track no: 462 has length 0.971347
track no: 463 has length 0.456806
track no: 464 has length 0.518294
track no: 465 has length 0.654027
track no: 466 has length 2.35314
track no: 467 has length 0.158169
track no: 468 has length 1.72945
track no: 469 has length 1.20914
track no: 470 has length 3.77545
track no: 471 has length 0.942759
track no: 472 has length 2.67838
track no: 473 has length 1.18601
track no: 474 has length 0.838969
track no: 475 has length 0.489406
track no: 476 has length 1.27855
track no: 477 has length 0.475233
track no: 478 has length 0.399092
track no: 479 has length 0.0553186
track no: 480 has length 0.876341
track no: 481 has length 2.23135
track no: 482 has length 0.636622
track no: 483 has length 0.155175
track no: 484 has length 0.492862
track no: 485 has length 0.449856
track no: 486 has length 1.06453
track no: 487 has length 2.17078
track no: 488 has length 1.40988
track no: 489 has length 2.17501
track no: 490 has length 0.792939
track no: 491 has length 3.65295
track no: 492 has length 0.700552
track no: 493 has length 0.576621
track no: 494 has length 0.0870354
track no: 495 has length 0.0110351
track no: 496 has length 0.799009
track no: 497 has length 1.19594
track no: 498 has length 1.28412
track no: 499 has length 0.715582
track no: 500 has length 0.0854188
track no: 501 has length 0.751385
track no: 502 has length 1.0192
track no: 503 has length 1.53554
track no: 504 has length 0.140818
track no: 505 has length 1.32872
track no: 506 has length 0.309805
track no: 507 has length 3.36689
track no: 508 has length 0.599221
track no: 509 has length 0.203062
track no: 510 has length 1.08993
track no: 511 has length 0.303758
track no: 512 has length 0.672649
track no: 513 has length 1.20798
track no: 514 has length 0.24958
track no: 515 has length 0.97578
track no: 516 has length 3.119
track no: 517 has length 0.281818
track no: 518 has length 2.1898
track no: 519 has length 0.345254
track no: 520 has length 0.0982725
track no: 521 has length 2.01213
track no: 522 has length 1.43338
track no: 523 has length 0.0505294
track no: 524 has length 1.03156
track no: 525 has length 0.114072
track no: 526 has length 1.50506
track no: 527 has length 1.50364
track no: 528 has length 1.5558
track no: 529 has length 1.79742
track no: 530 has length 0.956981
track no: 531 has length 1.80671
track no: 532 has length 0.0616697
track no: 533 has length 0.295481
track no: 534 has length 1.07604
track no: 535 has length 1.23413
track no: 536 has length 1.27132
track no: 537 has length 0.397971
track no: 538 has length 0.25298
track no: 539 has length 0.371196
track no: 540 has length 0.342272
track no: 541 has length 0.00944032
track no: 542 has length 0.0713607
track no: 543 has length 1.78108
track no: 544 has length 0.673091
track no: 545 has length 0.488909
track no: 546 has length 0.393164
track no: 547 has length 3.40195
track no: 548 has length 1.5
track no: 549 has length 1.34678
track no: 550 has length 1.27892
track no: 551 has length 0.511573
track no: 552 has length 1.44367
track no: 553 has length 0.391529
track no: 554 has length 1.76033
track no: 555 has length 0.785534
track no: 556 has length 0.152579
track no: 557 has length 2.40848
track no: 558 has length 0.459327
track no: 559 has length 2.75975
track no: 560 has length 2.23994
track no: 561 has length 0.59632
track no: 562 has length 1.09955
track no: 563 has length 0.60523
track no: 564 has length 0.796608
track no: 565 has length 1.46437
track no: 566 has length 1.89017
track no: 567 has length 1.15587
track no: 568 has length 0.0249009
track no: 569 has length 1.85617
track no: 570 has length 2.53776
track no: 571 has length 0.238047
track no: 572 has length 3.03789
track no: 573 has length 0.0697397
track no: 574 has length 0.0148814
track no: 575 has length 0.234535
track no: 576 has length 0.336037
track no: 577 has length 0.339486
track no: 578 has length 0.366093
track no: 579 has length 0.968314
track no: 580 has length 1.68291
track no: 581 has length 0.34619
track no: 582 has length 2.17691
track no: 583 has length 0.287743
track no: 584 has length 1.76439
track no: 585 has length 0.445568
track no: 586 has length 0.293981
track no: 587 has length 0.179154
track no: 588 has length 2.57197
track no: 589 has length 2.98873
track no: 590 has length 0.718175
track no: 591 has length 0.5305
track no: 592 has length 0.350906
track no: 593 has length 1.95854
track no: 594 has length 0.45964
track no: 595 has length 0.269103
track no: 596 has length 0.941916
track no: 597 has length 0.412674
track no: 598 has length 0.349373
track no: 599 has length 1.23581
track no: 600 has length 0.763084
track no: 601 has length 2.35274
track no: 602 has length 0.181393
track no: 603 has length 0.451823
track no: 604 has length 0.538541
track no: 605 has length 0.623404
track no: 606 has length 0.770061
track no: 607 has length 0.560061
track no: 608 has length 1.37949
track no: 609 has length 0.498172
track no: 610 has length 1.26411
track no: 611 has length 1.89589
track no: 612 has length 0.651879
track no: 613 has length 0.33539
track no: 614 has length 0.425266
track no: 615 has length 0.254059
track no: 616 has length 3.02949
track no: 617 has length 0.481196
track no: 618 has length 0.00540906
track no: 619 has length 3.97497
track no: 620 has length 0.285231
track no: 621 has length 1.58761
track no: 622 has length 1.40654
track no: 623 has length 1.4572
track no: 624 has length 0.178588
track no: 625 has length 0.0271811
track no: 626 has length 1.50833
track no: 627 has length 1.33854
track no: 628 has length 0.790041
track no: 629 has length 0.255239
track no: 630 has length 0.6107
track no: 631 has length 0.564291
track no: 632 has length 0.477287
track no: 633 has length 0.247968
track no: 634 has length 0.309576
track no: 635 has length 0.977234
track no: 636 has length 0.0111725
track no: 637 has length 1.53517
track no: 638 has length 1.23874
track no: 639 has length 1.53017
track no: 640 has length 1.5549
track no: 641 has length 0.367156
track no: 642 has length 1.87531
track no: 643 has length 2.9837
track no: 644 has length 0.813197
track no: 645 has length 0.560684
track no: 646 has length 0.702937
track no: 647 has length 0.376951
track no: 648 has length 1.45989
track no: 649 has length 0.537612
track no: 650 has length 0.236607
track no: 651 has length 4.10684
track no: 652 has length 1.13092
track no: 653 has length 0.997301
track no: 654 has length 0.245814
track no: 655 has length 1.21755
track no: 656 has length 2.22665
track no: 657 has length 1.08715
track no: 658 has length 0.110565
track no: 659 has length 2.67055
track no: 660 has length 0.546382
track no: 661 has length 1.63216
track no: 662 has length 0.142277
track no: 663 has length 0.286169
track no: 664 has length 1.14394
track no: 665 has length 2.56029
track no: 666 has length 0.0373816
track no: 667 has length 0.701911
track no: 668 has length 0.864864
track no: 669 has length 0.533193
track no: 670 has length 1.15663
track no: 671 has length 0.0065646
track no: 672 has length 1.13672
track no: 673 has length 0.891121
track no: 674 has length 0.41454
track no: 675 has length 1.42643
track no: 676 has length 2.07668
track no: 677 has length 1.07928
track no: 678 has length 0.829253
track no: 679 has length 0.0121085
track no: 680 has length 0.195893
track no: 681 has length 0.67685
track no: 682 has length 2.22588
track no: 683 has length 2.84535
