000 (14042902.000.000) 2021-06-28 14:39:25 Job submitted from host: <128.105.244.191:9618?addrs=128.105.244.191-9618&alias=submit-1.chtc.wisc.edu&noUDP&sock=schedd_2182013_0121>
...
000 (14042902.001.000) 2021-06-28 14:39:25 Job submitted from host: <128.105.244.191:9618?addrs=128.105.244.191-9618&alias=submit-1.chtc.wisc.edu&noUDP&sock=schedd_2182013_0121>
...
000 (14042902.002.000) 2021-06-28 14:39:25 Job submitted from host: <128.105.244.191:9618?addrs=128.105.244.191-9618&alias=submit-1.chtc.wisc.edu&noUDP&sock=schedd_2182013_0121>
...
000 (14042902.003.000) 2021-06-28 14:39:25 Job submitted from host: <128.105.244.191:9618?addrs=128.105.244.191-9618&alias=submit-1.chtc.wisc.edu&noUDP&sock=schedd_2182013_0121>
...
000 (14042902.004.000) 2021-06-28 14:39:25 Job submitted from host: <128.105.244.191:9618?addrs=128.105.244.191-9618&alias=submit-1.chtc.wisc.edu&noUDP&sock=schedd_2182013_0121>
...
000 (14042902.005.000) 2021-06-28 14:39:25 Job submitted from host: <128.105.244.191:9618?addrs=128.105.244.191-9618&alias=submit-1.chtc.wisc.edu&noUDP&sock=schedd_2182013_0121>
...
000 (14042902.006.000) 2021-06-28 14:39:25 Job submitted from host: <128.105.244.191:9618?addrs=128.105.244.191-9618&alias=submit-1.chtc.wisc.edu&noUDP&sock=schedd_2182013_0121>
...
000 (14042902.007.000) 2021-06-28 14:39:25 Job submitted from host: <128.105.244.191:9618?addrs=128.105.244.191-9618&alias=submit-1.chtc.wisc.edu&noUDP&sock=schedd_2182013_0121>
...
000 (14042902.008.000) 2021-06-28 14:39:25 Job submitted from host: <128.105.244.191:9618?addrs=128.105.244.191-9618&alias=submit-1.chtc.wisc.edu&noUDP&sock=schedd_2182013_0121>
...
000 (14042902.009.000) 2021-06-28 14:39:25 Job submitted from host: <128.105.244.191:9618?addrs=128.105.244.191-9618&alias=submit-1.chtc.wisc.edu&noUDP&sock=schedd_2182013_0121>
...
040 (14042902.000.000) 2021-06-28 14:59:15 Started transferring input files
	Transferring to host: <128.105.245.73:9618?addrs=128.105.245.73-9618&alias=e273.chtc.wisc.edu&noUDP&sock=slot1_1_39403_ba5b_94184>
...
040 (14042902.001.000) 2021-06-28 14:59:17 Entered queue to transfer input files
	Transferring to host: <128.105.245.249:9618?addrs=128.105.245.249-9618&alias=e449.chtc.wisc.edu&noUDP&sock=slot1_1_24139_dbef_93104>
...
001 (14042902.000.000) 2021-06-28 14:59:19 Job executing on host: <128.105.245.73:9618?addrs=128.105.245.73-9618&alias=e273.chtc.wisc.edu&noUDP&sock=startd_7113_813d>
...
040 (14042902.000.000) 2021-06-28 14:59:19 Finished transferring input files
...
040 (14042902.001.000) 2021-06-28 14:59:25 Started transferring input files
	Seconds spent in queue: 8
...
001 (14042902.001.000) 2021-06-28 14:59:25 Job executing on host: <128.105.245.249:9618?addrs=128.105.245.249-9618&alias=e449.chtc.wisc.edu&noUDP&sock=startd_12742_87d8>
...
006 (14042902.000.000) 2021-06-28 14:59:27 Image size of job updated: 6420
	5  -  MemoryUsage of job (MB)
	4404  -  ResidentSetSize of job (KB)
...
040 (14042902.001.000) 2021-06-28 14:59:29 Finished transferring input files
...
006 (14042902.001.000) 2021-06-28 14:59:34 Image size of job updated: 25068
	5  -  MemoryUsage of job (MB)
	4256  -  ResidentSetSize of job (KB)
...
006 (14042902.000.000) 2021-06-28 15:04:27 Image size of job updated: 545260
	301  -  MemoryUsage of job (MB)
	308036  -  ResidentSetSize of job (KB)
...
006 (14042902.001.000) 2021-06-28 15:04:35 Image size of job updated: 545260
	304  -  MemoryUsage of job (MB)
	310796  -  ResidentSetSize of job (KB)
...
006 (14042902.001.000) 2021-06-28 15:09:35 Image size of job updated: 545260
	485  -  MemoryUsage of job (MB)
	496440  -  ResidentSetSize of job (KB)
...
006 (14042902.000.000) 2021-06-28 15:14:29 Image size of job updated: 1069548
	587  -  MemoryUsage of job (MB)
	600628  -  ResidentSetSize of job (KB)
...
006 (14042902.001.000) 2021-06-28 15:14:35 Image size of job updated: 1069548
	595  -  MemoryUsage of job (MB)
	609080  -  ResidentSetSize of job (KB)
...
006 (14042902.000.000) 2021-06-28 15:19:29 Image size of job updated: 1069548
	915  -  MemoryUsage of job (MB)
	936500  -  ResidentSetSize of job (KB)
...
006 (14042902.001.000) 2021-06-28 15:19:36 Image size of job updated: 1069548
	935  -  MemoryUsage of job (MB)
	957240  -  ResidentSetSize of job (KB)
...
006 (14042902.000.000) 2021-06-28 15:24:29 Image size of job updated: 2118124
	1246  -  MemoryUsage of job (MB)
	1275876  -  ResidentSetSize of job (KB)
...
006 (14042902.001.000) 2021-06-28 15:24:37 Image size of job updated: 2118124
	1271  -  MemoryUsage of job (MB)
	1301308  -  ResidentSetSize of job (KB)
...
006 (14042902.000.000) 2021-06-28 15:29:30 Image size of job updated: 2118124
	1578  -  MemoryUsage of job (MB)
	1615844  -  ResidentSetSize of job (KB)
...
006 (14042902.001.000) 2021-06-28 15:29:37 Image size of job updated: 2118124
	1609  -  MemoryUsage of job (MB)
	1647420  -  ResidentSetSize of job (KB)
...
006 (14042902.000.000) 2021-06-28 15:34:30 Image size of job updated: 2118124
	1910  -  MemoryUsage of job (MB)
	1955812  -  ResidentSetSize of job (KB)
...
006 (14042902.001.000) 2021-06-28 15:34:37 Image size of job updated: 2118124
	1947  -  MemoryUsage of job (MB)
	1993532  -  ResidentSetSize of job (KB)
...
006 (14042902.000.000) 2021-06-28 15:39:30 Image size of job updated: 4215276
	2240  -  MemoryUsage of job (MB)
	2293736  -  ResidentSetSize of job (KB)
...
006 (14042902.001.000) 2021-06-28 15:39:38 Image size of job updated: 4215276
	2285  -  MemoryUsage of job (MB)
	2339648  -  ResidentSetSize of job (KB)
...
006 (14042902.000.000) 2021-06-28 15:44:31 Image size of job updated: 4215276
	2573  -  MemoryUsage of job (MB)
	2633808  -  ResidentSetSize of job (KB)
...
006 (14042902.001.000) 2021-06-28 15:44:39 Image size of job updated: 4215276
	2621  -  MemoryUsage of job (MB)
	2683712  -  ResidentSetSize of job (KB)
...
006 (14042902.000.000) 2021-06-28 15:49:32 Image size of job updated: 4215276
	2906  -  MemoryUsage of job (MB)
	2975224  -  ResidentSetSize of job (KB)
...
006 (14042902.001.000) 2021-06-28 15:49:39 Image size of job updated: 4215276
	2957  -  MemoryUsage of job (MB)
	3027776  -  ResidentSetSize of job (KB)
...
040 (14042902.002.000) 2021-06-28 15:50:33 Started transferring input files
	Transferring to host: <128.105.245.61:9618?addrs=128.105.245.61-9618&alias=e261.chtc.wisc.edu&noUDP&sock=slot1_1_35843_62cb_88441>
...
040 (14042902.002.000) 2021-06-28 15:50:33 Finished transferring input files
...
001 (14042902.002.000) 2021-06-28 15:50:34 Job executing on host: <128.105.245.61:9618?addrs=128.105.245.61-9618&alias=e261.chtc.wisc.edu&noUDP&sock=startd_2621_5dd1>
...
006 (14042902.002.000) 2021-06-28 15:50:43 Image size of job updated: 23020
	2  -  MemoryUsage of job (MB)
	1764  -  ResidentSetSize of job (KB)
...
006 (14042902.000.000) 2021-06-28 15:54:32 Image size of job updated: 4215276
	3236  -  MemoryUsage of job (MB)
	3313584  -  ResidentSetSize of job (KB)
...
006 (14042902.001.000) 2021-06-28 15:54:39 Image size of job updated: 4215276
	3295  -  MemoryUsage of job (MB)
	3373888  -  ResidentSetSize of job (KB)
...
006 (14042902.002.000) 2021-06-28 15:55:44 Image size of job updated: 545260
	303  -  MemoryUsage of job (MB)
	309992  -  ResidentSetSize of job (KB)
...
006 (14042902.000.000) 2021-06-28 15:59:32 Image size of job updated: 4215276
	3566  -  MemoryUsage of job (MB)
	3651292  -  ResidentSetSize of job (KB)
...
006 (14042902.001.000) 2021-06-28 15:59:40 Image size of job updated: 4215276
	3633  -  MemoryUsage of job (MB)
	3720000  -  ResidentSetSize of job (KB)
...
006 (14042902.002.000) 2021-06-28 16:05:45 Image size of job updated: 1069548
	584  -  MemoryUsage of job (MB)
	597872  -  ResidentSetSize of job (KB)
...
006 (14042902.002.000) 2021-06-28 16:10:45 Image size of job updated: 1069548
	918  -  MemoryUsage of job (MB)
	939888  -  ResidentSetSize of job (KB)
...
006 (14042902.002.000) 2021-06-28 16:15:46 Image size of job updated: 2118124
	1248  -  MemoryUsage of job (MB)
	1277812  -  ResidentSetSize of job (KB)
...
006 (14042902.002.000) 2021-06-28 16:20:46 Image size of job updated: 2118124
	1580  -  MemoryUsage of job (MB)
	1617780  -  ResidentSetSize of job (KB)
...
006 (14042902.002.000) 2021-06-28 16:25:46 Image size of job updated: 2118124
	1914  -  MemoryUsage of job (MB)
	1959796  -  ResidentSetSize of job (KB)
...
040 (14042902.003.000) 2021-06-28 16:29:32 Started transferring input files
	Transferring to host: <128.105.245.101:9618?addrs=128.105.245.101-9618&alias=e301.chtc.wisc.edu&noUDP&sock=slot1_2_23152_6da7_92200>
...
040 (14042902.003.000) 2021-06-28 16:29:33 Finished transferring input files
...
001 (14042902.003.000) 2021-06-28 16:29:34 Job executing on host: <128.105.245.101:9618?addrs=128.105.245.101-9618&alias=e301.chtc.wisc.edu&noUDP&sock=startd_2394_a9d1>
...
006 (14042902.003.000) 2021-06-28 16:29:42 Image size of job updated: 21228
	1  -  MemoryUsage of job (MB)
	996  -  ResidentSetSize of job (KB)
...
006 (14042902.002.000) 2021-06-28 16:30:48 Image size of job updated: 4215276
	2246  -  MemoryUsage of job (MB)
	2299768  -  ResidentSetSize of job (KB)
...
006 (14042902.003.000) 2021-06-28 16:34:42 Image size of job updated: 545260
	285  -  MemoryUsage of job (MB)
	291416  -  ResidentSetSize of job (KB)
...
006 (14042902.002.000) 2021-06-28 16:35:48 Image size of job updated: 4215276
	2578  -  MemoryUsage of job (MB)
	2639736  -  ResidentSetSize of job (KB)
...
006 (14042902.002.000) 2021-06-28 16:40:49 Image size of job updated: 4215276
	2910  -  MemoryUsage of job (MB)
	2979704  -  ResidentSetSize of job (KB)
...
006 (14042902.003.000) 2021-06-28 16:44:44 Image size of job updated: 1069548
	561  -  MemoryUsage of job (MB)
	573884  -  ResidentSetSize of job (KB)
...
006 (14042902.002.000) 2021-06-28 16:45:50 Image size of job updated: 4215276
	3244  -  MemoryUsage of job (MB)
	3321720  -  ResidentSetSize of job (KB)
...
006 (14042902.003.000) 2021-06-28 16:49:44 Image size of job updated: 1069548
	895  -  MemoryUsage of job (MB)
	916280  -  ResidentSetSize of job (KB)
...
006 (14042902.002.000) 2021-06-28 16:50:51 Image size of job updated: 4215276
	3578  -  MemoryUsage of job (MB)
	3663736  -  ResidentSetSize of job (KB)
...
006 (14042902.003.000) 2021-06-28 16:54:44 Image size of job updated: 2118124
	1223  -  MemoryUsage of job (MB)
	1252024  -  ResidentSetSize of job (KB)
...
006 (14042902.000.000) 2021-06-28 16:59:38 Image size of job updated: 4215276
	3723  -  MemoryUsage of job (MB)
	3812124  -  ResidentSetSize of job (KB)
...
006 (14042902.003.000) 2021-06-28 16:59:44 Image size of job updated: 2118124
	1542  -  MemoryUsage of job (MB)
	1578760  -  ResidentSetSize of job (KB)
...
006 (14042902.001.000) 2021-06-28 16:59:47 Image size of job updated: 4215276
	3835  -  MemoryUsage of job (MB)
	3926748  -  ResidentSetSize of job (KB)
...
006 (14042902.000.000) 2021-06-28 17:04:39 Image size of job updated: 4215276
	4047  -  MemoryUsage of job (MB)
	4144108  -  ResidentSetSize of job (KB)
...
006 (14042902.003.000) 2021-06-28 17:04:45 Image size of job updated: 2118124
	1879  -  MemoryUsage of job (MB)
	1923884  -  ResidentSetSize of job (KB)
...
006 (14042902.001.000) 2021-06-28 17:04:47 Image size of job updated: 8409580
	4167  -  MemoryUsage of job (MB)
	4266604  -  ResidentSetSize of job (KB)
...
006 (14042902.000.000) 2021-06-28 17:09:40 Image size of job updated: 8409580
	4349  -  MemoryUsage of job (MB)
	4452708  -  ResidentSetSize of job (KB)
...
006 (14042902.003.000) 2021-06-28 17:09:46 Image size of job updated: 4215276
	2211  -  MemoryUsage of job (MB)
	2263752  -  ResidentSetSize of job (KB)
...
006 (14042902.001.000) 2021-06-28 17:09:48 Image size of job updated: 8409580
	4505  -  MemoryUsage of job (MB)
	4612716  -  ResidentSetSize of job (KB)
...
006 (14042902.000.000) 2021-06-28 17:14:40 Image size of job updated: 8409580
	4651  -  MemoryUsage of job (MB)
	4761900  -  ResidentSetSize of job (KB)
...
006 (14042902.003.000) 2021-06-28 17:14:46 Image size of job updated: 4215276
	2533  -  MemoryUsage of job (MB)
	2593584  -  ResidentSetSize of job (KB)
...
006 (14042902.001.000) 2021-06-28 17:14:49 Image size of job updated: 8409580
	4841  -  MemoryUsage of job (MB)
	4956780  -  ResidentSetSize of job (KB)
...
006 (14042902.000.000) 2021-06-28 17:19:40 Image size of job updated: 8409580
	4941  -  MemoryUsage of job (MB)
	5059304  -  ResidentSetSize of job (KB)
...
006 (14042902.003.000) 2021-06-28 17:19:46 Image size of job updated: 4215276
	2867  -  MemoryUsage of job (MB)
	2935732  -  ResidentSetSize of job (KB)
...
006 (14042902.001.000) 2021-06-28 17:19:49 Image size of job updated: 8409580
	5175  -  MemoryUsage of job (MB)
	5298796  -  ResidentSetSize of job (KB)
...
040 (14042902.001.000) 2021-06-28 17:23:03 Started transferring output files
	Seconds spent in queue: 8626
...
040 (14042902.001.000) 2021-06-28 17:23:03 Finished transferring output files
...
005 (14042902.001.000) 2021-06-28 17:23:03 Job terminated.
	(1) Normal termination (return value 127)
		Usr 0 02:23:22, Sys 0 00:00:12  -  Run Remote Usage
		Usr 0 00:00:00, Sys 0 00:00:00  -  Run Local Usage
		Usr 0 02:23:22, Sys 0 00:00:12  -  Total Remote Usage
		Usr 0 00:00:00, Sys 0 00:00:00  -  Total Local Usage
	36905  -  Run Bytes Sent By Job
	19056  -  Run Bytes Received By Job
	36905  -  Total Bytes Sent By Job
	19056  -  Total Bytes Received By Job
	Partitionable Resources :    Usage  Request Allocated 
	   Cpus                 :     1.00       20        20 
	   Disk (KB)            :    80    15728640  16117303 
	   IoHeavy              :                           0 
	   Memory (MB)          :  5175       15360     15360 

	Job terminated of its own accord at 2021-06-28T22:23:03Z.
...
040 (14042902.004.000) 2021-06-28 17:23:03 Started transferring input files
	Transferring to host: <128.105.245.249:9618?addrs=128.105.245.249-9618&alias=e449.chtc.wisc.edu&noUDP&sock=slot1_1_24139_dbef_93312>
...
040 (14042902.004.000) 2021-06-28 17:23:03 Finished transferring input files
...
001 (14042902.004.000) 2021-06-28 17:23:05 Job executing on host: <128.105.245.249:9618?addrs=128.105.245.249-9618&alias=e449.chtc.wisc.edu&noUDP&sock=startd_12742_87d8>
...
006 (14042902.004.000) 2021-06-28 17:23:14 Image size of job updated: 5156
	1  -  MemoryUsage of job (MB)
	640  -  ResidentSetSize of job (KB)
...
006 (14042902.000.000) 2021-06-28 17:24:41 Image size of job updated: 8409580
	5236  -  MemoryUsage of job (MB)
	5360812  -  ResidentSetSize of job (KB)
...
006 (14042902.003.000) 2021-06-28 17:24:47 Image size of job updated: 4215276
	3202  -  MemoryUsage of job (MB)
	3278424  -  ResidentSetSize of job (KB)
...
040 (14042902.000.000) 2021-06-28 17:27:23 Started transferring output files
...
040 (14042902.000.000) 2021-06-28 17:27:23 Finished transferring output files
...
005 (14042902.000.000) 2021-06-28 17:27:23 Job terminated.
	(1) Normal termination (return value 127)
		Usr 0 02:27:33, Sys 0 00:00:23  -  Run Remote Usage
		Usr 0 00:00:00, Sys 0 00:00:00  -  Run Local Usage
		Usr 0 02:27:33, Sys 0 00:00:23  -  Total Remote Usage
		Usr 0 00:00:00, Sys 0 00:00:00  -  Total Local Usage
	36904  -  Run Bytes Sent By Job
	19056  -  Run Bytes Received By Job
	36904  -  Total Bytes Sent By Job
	19056  -  Total Bytes Received By Job
	Partitionable Resources :    Usage  Request Allocated 
	   Cpus                 :     1.00       20        20 
	   Disk (KB)            :    80    15728640  15922585 
	   IoHeavy              :                           0 
	   Memory (MB)          :  5236       15360     15360 

	Job terminated of its own accord at 2021-06-28T22:27:23Z.
...
040 (14042902.005.000) 2021-06-28 17:27:24 Started transferring input files
	Transferring to host: <128.105.245.73:9618?addrs=128.105.245.73-9618&alias=e273.chtc.wisc.edu&noUDP&sock=slot1_1_39403_ba5b_94402>
...
040 (14042902.005.000) 2021-06-28 17:27:24 Finished transferring input files
...
001 (14042902.005.000) 2021-06-28 17:27:25 Job executing on host: <128.105.245.73:9618?addrs=128.105.245.73-9618&alias=e273.chtc.wisc.edu&noUDP&sock=startd_7113_813d>
...
006 (14042902.005.000) 2021-06-28 17:27:34 Image size of job updated: 23020
	2  -  MemoryUsage of job (MB)
	1628  -  ResidentSetSize of job (KB)
...
006 (14042902.004.000) 2021-06-28 17:28:16 Image size of job updated: 545260
	299  -  MemoryUsage of job (MB)
	306072  -  ResidentSetSize of job (KB)
...
006 (14042902.003.000) 2021-06-28 17:29:48 Image size of job updated: 4215276
	3535  -  MemoryUsage of job (MB)
	3618964  -  ResidentSetSize of job (KB)
...
006 (14042902.005.000) 2021-06-28 17:32:35 Image size of job updated: 545260
	261  -  MemoryUsage of job (MB)
	267096  -  ResidentSetSize of job (KB)
...
006 (14042902.004.000) 2021-06-28 17:38:16 Image size of job updated: 1069548
	584  -  MemoryUsage of job (MB)
	597576  -  ResidentSetSize of job (KB)
...
006 (14042902.005.000) 2021-06-28 17:42:35 Image size of job updated: 545260
	472  -  MemoryUsage of job (MB)
	483224  -  ResidentSetSize of job (KB)
...
006 (14042902.004.000) 2021-06-28 17:43:16 Image size of job updated: 1069548
	918  -  MemoryUsage of job (MB)
	939592  -  ResidentSetSize of job (KB)
...
006 (14042902.005.000) 2021-06-28 17:47:36 Image size of job updated: 1069548
	773  -  MemoryUsage of job (MB)
	791108  -  ResidentSetSize of job (KB)
...
006 (14042902.004.000) 2021-06-28 17:48:17 Image size of job updated: 2118124
	1250  -  MemoryUsage of job (MB)
	1279564  -  ResidentSetSize of job (KB)
...
040 (14042902.006.000) 2021-06-28 17:49:33 Started transferring input files
	Transferring to host: <128.105.245.171:9618?addrs=128.105.245.171-9618&alias=e2371.chtc.wisc.edu&noUDP&sock=slot1_1_24475_99fc_61070>
...
040 (14042902.006.000) 2021-06-28 17:49:33 Finished transferring input files
...
001 (14042902.006.000) 2021-06-28 17:49:34 Job executing on host: <128.105.245.171:9618?addrs=128.105.245.171-9618&alias=e2371.chtc.wisc.edu&noUDP&sock=startd_24386_589c>
...
006 (14042902.006.000) 2021-06-28 17:49:42 Image size of job updated: 11340
	1  -  MemoryUsage of job (MB)
	884  -  ResidentSetSize of job (KB)
...
006 (14042902.002.000) 2021-06-28 17:50:55 Image size of job updated: 4215276
	3782  -  MemoryUsage of job (MB)
	3872108  -  ResidentSetSize of job (KB)
...
006 (14042902.005.000) 2021-06-28 17:52:37 Image size of job updated: 2118124
	1075  -  MemoryUsage of job (MB)
	1100360  -  ResidentSetSize of job (KB)
...
006 (14042902.004.000) 2021-06-28 17:53:18 Image size of job updated: 2118124
	1584  -  MemoryUsage of job (MB)
	1621580  -  ResidentSetSize of job (KB)
...
006 (14042902.006.000) 2021-06-28 17:54:42 Image size of job updated: 545260
	303  -  MemoryUsage of job (MB)
	309304  -  ResidentSetSize of job (KB)
...
006 (14042902.002.000) 2021-06-28 17:55:56 Image size of job updated: 8409580
	4116  -  MemoryUsage of job (MB)
	4214144  -  ResidentSetSize of job (KB)
...
006 (14042902.005.000) 2021-06-28 17:57:37 Image size of job updated: 2118124
	1372  -  MemoryUsage of job (MB)
	1404652  -  ResidentSetSize of job (KB)
...
006 (14042902.004.000) 2021-06-28 17:58:18 Image size of job updated: 2118124
	1918  -  MemoryUsage of job (MB)
	1963596  -  ResidentSetSize of job (KB)
...
006 (14042902.006.000) 2021-06-28 17:59:42 Image size of job updated: 545260
	426  -  MemoryUsage of job (MB)
	435344  -  ResidentSetSize of job (KB)
...
006 (14042902.002.000) 2021-06-28 18:00:56 Image size of job updated: 8409580
	4452  -  MemoryUsage of job (MB)
	4558208  -  ResidentSetSize of job (KB)
...
006 (14042902.005.000) 2021-06-28 18:02:38 Image size of job updated: 2118124
	1674  -  MemoryUsage of job (MB)
	1714092  -  ResidentSetSize of job (KB)
...
006 (14042902.004.000) 2021-06-28 18:03:18 Image size of job updated: 4215276
	2250  -  MemoryUsage of job (MB)
	2303568  -  ResidentSetSize of job (KB)
...
006 (14042902.006.000) 2021-06-28 18:04:43 Image size of job updated: 1069548
	596  -  MemoryUsage of job (MB)
	609424  -  ResidentSetSize of job (KB)
...
006 (14042902.002.000) 2021-06-28 18:05:56 Image size of job updated: 8409580
	4788  -  MemoryUsage of job (MB)
	4902272  -  ResidentSetSize of job (KB)
...
006 (14042902.005.000) 2021-06-28 18:07:39 Image size of job updated: 2118124
	1972  -  MemoryUsage of job (MB)
	2019220  -  ResidentSetSize of job (KB)
...
006 (14042902.004.000) 2021-06-28 18:08:19 Image size of job updated: 4215276
	2586  -  MemoryUsage of job (MB)
	2647632  -  ResidentSetSize of job (KB)
...
006 (14042902.006.000) 2021-06-28 18:09:44 Image size of job updated: 1069548
	936  -  MemoryUsage of job (MB)
	957584  -  ResidentSetSize of job (KB)
...
006 (14042902.002.000) 2021-06-28 18:10:57 Image size of job updated: 8409580
	5126  -  MemoryUsage of job (MB)
	5248384  -  ResidentSetSize of job (KB)
...
006 (14042902.005.000) 2021-06-28 18:12:39 Image size of job updated: 6312432
	2270  -  MemoryUsage of job (MB)
	2324404  -  ResidentSetSize of job (KB)
...
006 (14042902.004.000) 2021-06-28 18:13:20 Image size of job updated: 4215276
	2922  -  MemoryUsage of job (MB)
	2991696  -  ResidentSetSize of job (KB)
...
006 (14042902.006.000) 2021-06-28 18:14:44 Image size of job updated: 2118124
	1272  -  MemoryUsage of job (MB)
	1301652  -  ResidentSetSize of job (KB)
...
040 (14042902.002.000) 2021-06-28 18:14:55 Started transferring output files
...
040 (14042902.002.000) 2021-06-28 18:14:55 Finished transferring output files
...
005 (14042902.002.000) 2021-06-28 18:14:55 Job terminated.
	(1) Normal termination (return value 127)
		Usr 0 02:24:12, Sys 0 00:00:05  -  Run Remote Usage
		Usr 0 00:00:00, Sys 0 00:00:00  -  Run Local Usage
		Usr 0 02:24:12, Sys 0 00:00:05  -  Total Remote Usage
		Usr 0 00:00:00, Sys 0 00:00:00  -  Total Local Usage
	36897  -  Run Bytes Sent By Job
	19056  -  Run Bytes Received By Job
	36897  -  Total Bytes Sent By Job
	19056  -  Total Bytes Received By Job
	Partitionable Resources :    Usage  Request Allocated 
	   Cpus                 :     1.00       20        20 
	   Disk (KB)            :    80    15728640  16035681 
	   IoHeavy              :                           0 
	   Memory (MB)          :  5126       15360     15360 

	Job terminated of its own accord at 2021-06-28T23:14:55Z.
...
040 (14042902.007.000) 2021-06-28 18:14:56 Started transferring input files
	Transferring to host: <128.105.245.61:9618?addrs=128.105.245.61-9618&alias=e261.chtc.wisc.edu&noUDP&sock=slot1_1_35843_62cb_88622>
...
040 (14042902.007.000) 2021-06-28 18:14:56 Finished transferring input files
...
001 (14042902.007.000) 2021-06-28 18:14:57 Job executing on host: <128.105.245.61:9618?addrs=128.105.245.61-9618&alias=e261.chtc.wisc.edu&noUDP&sock=startd_2621_5dd1>
...
006 (14042902.007.000) 2021-06-28 18:15:05 Image size of job updated: 25068
	4  -  MemoryUsage of job (MB)
	3984  -  ResidentSetSize of job (KB)
...
006 (14042902.005.000) 2021-06-28 18:17:39 Image size of job updated: 6312432
	2571  -  MemoryUsage of job (MB)
	2632112  -  ResidentSetSize of job (KB)
...
006 (14042902.004.000) 2021-06-28 18:18:20 Image size of job updated: 4215276
	3256  -  MemoryUsage of job (MB)
	3333712  -  ResidentSetSize of job (KB)
...
006 (14042902.006.000) 2021-06-28 18:19:44 Image size of job updated: 2118124
	1608  -  MemoryUsage of job (MB)
	1645716  -  ResidentSetSize of job (KB)
...
006 (14042902.007.000) 2021-06-28 18:20:05 Image size of job updated: 545260
	303  -  MemoryUsage of job (MB)
	309640  -  ResidentSetSize of job (KB)
...
006 (14042902.005.000) 2021-06-28 18:22:40 Image size of job updated: 6312432
	2873  -  MemoryUsage of job (MB)
	2941156  -  ResidentSetSize of job (KB)
...
006 (14042902.004.000) 2021-06-28 18:23:20 Image size of job updated: 4215276
	3590  -  MemoryUsage of job (MB)
	3675728  -  ResidentSetSize of job (KB)
...
040 (14042902.008.000) 2021-06-28 18:23:49 Started transferring input files
	Transferring to host: <128.105.245.197:9618?addrs=128.105.245.197-9618&alias=e2397.chtc.wisc.edu&noUDP&sock=slot1_1_18785_7b55_92840>
...
040 (14042902.008.000) 2021-06-28 18:23:50 Finished transferring input files
...
001 (14042902.008.000) 2021-06-28 18:23:50 Job executing on host: <128.105.245.197:9618?addrs=128.105.245.197-9618&alias=e2397.chtc.wisc.edu&noUDP&sock=startd_2576_800e>
...
006 (14042902.008.000) 2021-06-28 18:23:59 Image size of job updated: 72112
	4  -  MemoryUsage of job (MB)
	3132  -  ResidentSetSize of job (KB)
...
006 (14042902.006.000) 2021-06-28 18:24:44 Image size of job updated: 2118124
	1944  -  MemoryUsage of job (MB)
	1989780  -  ResidentSetSize of job (KB)
...
006 (14042902.005.000) 2021-06-28 18:27:41 Image size of job updated: 6312432
	3174  -  MemoryUsage of job (MB)
	3249860  -  ResidentSetSize of job (KB)
...
006 (14042902.008.000) 2021-06-28 18:29:00 Image size of job updated: 545260
	302  -  MemoryUsage of job (MB)
	308608  -  ResidentSetSize of job (KB)
...
006 (14042902.006.000) 2021-06-28 18:29:45 Image size of job updated: 6312432
	2278  -  MemoryUsage of job (MB)
	2331800  -  ResidentSetSize of job (KB)
...
006 (14042902.003.000) 2021-06-28 18:29:54 Image size of job updated: 4215276
	3692  -  MemoryUsage of job (MB)
	3779600  -  ResidentSetSize of job (KB)
...
006 (14042902.007.000) 2021-06-28 18:30:06 Image size of job updated: 1069548
	590  -  MemoryUsage of job (MB)
	603232  -  ResidentSetSize of job (KB)
...
040 (14042902.009.000) 2021-06-28 18:30:25 Started transferring input files
	Transferring to host: <128.105.245.97:9618?addrs=128.105.245.97-9618&alias=e297.chtc.wisc.edu&noUDP&sock=slot1_1_40680_7d6f_105956>
...
040 (14042902.009.000) 2021-06-28 18:30:25 Finished transferring input files
...
001 (14042902.009.000) 2021-06-28 18:30:26 Job executing on host: <128.105.245.97:9618?addrs=128.105.245.97-9618&alias=e297.chtc.wisc.edu&noUDP&sock=startd_2503_6da4>
...
006 (14042902.009.000) 2021-06-28 18:30:35 Image size of job updated: 25068
	4  -  MemoryUsage of job (MB)
	3916  -  ResidentSetSize of job (KB)
...
006 (14042902.005.000) 2021-06-28 18:32:41 Image size of job updated: 6312432
	3476  -  MemoryUsage of job (MB)
	3559232  -  ResidentSetSize of job (KB)
...
006 (14042902.006.000) 2021-06-28 18:34:46 Image size of job updated: 6312432
	2614  -  MemoryUsage of job (MB)
	2675864  -  ResidentSetSize of job (KB)
...
006 (14042902.003.000) 2021-06-28 18:34:54 Image size of job updated: 4215276
	4020  -  MemoryUsage of job (MB)
	4115996  -  ResidentSetSize of job (KB)
...
006 (14042902.007.000) 2021-06-28 18:35:07 Image size of job updated: 1069548
	924  -  MemoryUsage of job (MB)
	945840  -  ResidentSetSize of job (KB)
...
006 (14042902.009.000) 2021-06-28 18:35:37 Image size of job updated: 545260
	303  -  MemoryUsage of job (MB)
	309560  -  ResidentSetSize of job (KB)
...
006 (14042902.005.000) 2021-06-28 18:37:42 Image size of job updated: 6312432
	3776  -  MemoryUsage of job (MB)
	3866488  -  ResidentSetSize of job (KB)
...
006 (14042902.008.000) 2021-06-28 18:39:00 Image size of job updated: 1069548
	592  -  MemoryUsage of job (MB)
	605236  -  ResidentSetSize of job (KB)
...
006 (14042902.006.000) 2021-06-28 18:39:46 Image size of job updated: 6312432
	2950  -  MemoryUsage of job (MB)
	3019928  -  ResidentSetSize of job (KB)
...
006 (14042902.003.000) 2021-06-28 18:39:54 Image size of job updated: 8409580
	4347  -  MemoryUsage of job (MB)
	4451284  -  ResidentSetSize of job (KB)
...
006 (14042902.007.000) 2021-06-28 18:40:08 Image size of job updated: 2118124
	1258  -  MemoryUsage of job (MB)
	1287268  -  ResidentSetSize of job (KB)
...
006 (14042902.008.000) 2021-06-28 18:44:00 Image size of job updated: 1069548
	925  -  MemoryUsage of job (MB)
	947040  -  ResidentSetSize of job (KB)
...
006 (14042902.006.000) 2021-06-28 18:44:46 Image size of job updated: 6312432
	3286  -  MemoryUsage of job (MB)
	3363992  -  ResidentSetSize of job (KB)
...
006 (14042902.003.000) 2021-06-28 18:44:55 Image size of job updated: 8409580
	4676  -  MemoryUsage of job (MB)
	4787424  -  ResidentSetSize of job (KB)
...
006 (14042902.007.000) 2021-06-28 18:45:08 Image size of job updated: 2118124
	1594  -  MemoryUsage of job (MB)
	1631332  -  ResidentSetSize of job (KB)
...
006 (14042902.009.000) 2021-06-28 18:45:37 Image size of job updated: 1069548
	592  -  MemoryUsage of job (MB)
	606040  -  ResidentSetSize of job (KB)
...
006 (14042902.008.000) 2021-06-28 18:49:03 Image size of job updated: 2118124
	1261  -  MemoryUsage of job (MB)
	1291004  -  ResidentSetSize of job (KB)
...
006 (14042902.006.000) 2021-06-28 18:49:47 Image size of job updated: 6312432
	3622  -  MemoryUsage of job (MB)
	3708056  -  ResidentSetSize of job (KB)
...
006 (14042902.003.000) 2021-06-28 18:49:56 Image size of job updated: 8409580
	5006  -  MemoryUsage of job (MB)
	5125344  -  ResidentSetSize of job (KB)
...
006 (14042902.007.000) 2021-06-28 18:50:08 Image size of job updated: 2118124
	1928  -  MemoryUsage of job (MB)
	1973268  -  ResidentSetSize of job (KB)
...
006 (14042902.009.000) 2021-06-28 18:50:38 Image size of job updated: 1069548
	920  -  MemoryUsage of job (MB)
	941956  -  ResidentSetSize of job (KB)
...
006 (14042902.008.000) 2021-06-28 18:54:02 Image size of job updated: 2118124
	1598  -  MemoryUsage of job (MB)
	1635336  -  ResidentSetSize of job (KB)
...
006 (14042902.003.000) 2021-06-28 18:54:56 Image size of job updated: 8409580
	5336  -  MemoryUsage of job (MB)
	5463488  -  ResidentSetSize of job (KB)
...
006 (14042902.007.000) 2021-06-28 18:55:10 Image size of job updated: 4215276
	2263  -  MemoryUsage of job (MB)
	2316324  -  ResidentSetSize of job (KB)
...
006 (14042902.009.000) 2021-06-28 18:55:38 Image size of job updated: 2118124
	1246  -  MemoryUsage of job (MB)
	1275784  -  ResidentSetSize of job (KB)
...
040 (14042902.003.000) 2021-06-28 18:55:48 Started transferring output files
...
040 (14042902.003.000) 2021-06-28 18:55:48 Finished transferring output files
...
005 (14042902.003.000) 2021-06-28 18:55:48 Job terminated.
	(1) Normal termination (return value 127)
		Usr 0 02:25:54, Sys 0 00:00:16  -  Run Remote Usage
		Usr 0 00:00:00, Sys 0 00:00:00  -  Run Local Usage
		Usr 0 02:25:54, Sys 0 00:00:16  -  Total Remote Usage
		Usr 0 00:00:00, Sys 0 00:00:00  -  Total Local Usage
	36897  -  Run Bytes Sent By Job
	19056  -  Run Bytes Received By Job
	36897  -  Total Bytes Sent By Job
	19056  -  Total Bytes Received By Job
	Partitionable Resources :    Usage  Request Allocated 
	   Cpus                 :     1.00       20        20 
	   Disk (KB)            :    80    15728640  15936706 
	   IoHeavy              :                           0 
	   Memory (MB)          :  5336       15360     15360 

	Job terminated of its own accord at 2021-06-28T23:55:48Z.
...
006 (14042902.004.000) 2021-06-28 18:58:23 Image size of job updated: 6312432
	3590  -  MemoryUsage of job (MB)
	3675728  -  ResidentSetSize of job (KB)
...
006 (14042902.008.000) 2021-06-28 18:59:02 Image size of job updated: 2118124
	1934  -  MemoryUsage of job (MB)
	1979432  -  ResidentSetSize of job (KB)
...
006 (14042902.007.000) 2021-06-28 19:00:10 Image size of job updated: 4215276
	2597  -  MemoryUsage of job (MB)
	2658840  -  ResidentSetSize of job (KB)
...
006 (14042902.009.000) 2021-06-28 19:00:38 Image size of job updated: 2118124
	1580  -  MemoryUsage of job (MB)
	1617800  -  ResidentSetSize of job (KB)
...
006 (14042902.008.000) 2021-06-28 19:04:03 Image size of job updated: 4215276
	2270  -  MemoryUsage of job (MB)
	2323500  -  ResidentSetSize of job (KB)
...
006 (14042902.007.000) 2021-06-28 19:05:10 Image size of job updated: 4215276
	2931  -  MemoryUsage of job (MB)
	3000448  -  ResidentSetSize of job (KB)
...
006 (14042902.009.000) 2021-06-28 19:05:39 Image size of job updated: 2118124
	1920  -  MemoryUsage of job (MB)
	1965960  -  ResidentSetSize of job (KB)
...
006 (14042902.008.000) 2021-06-28 19:09:04 Image size of job updated: 4215276
	2604  -  MemoryUsage of job (MB)
	2665516  -  ResidentSetSize of job (KB)
...
006 (14042902.007.000) 2021-06-28 19:10:11 Image size of job updated: 4215276
	3266  -  MemoryUsage of job (MB)
	3344308  -  ResidentSetSize of job (KB)
...
006 (14042902.009.000) 2021-06-28 19:10:40 Image size of job updated: 4215276
	2254  -  MemoryUsage of job (MB)
	2307980  -  ResidentSetSize of job (KB)
...
006 (14042902.008.000) 2021-06-28 19:14:04 Image size of job updated: 4215276
	2932  -  MemoryUsage of job (MB)
	3001388  -  ResidentSetSize of job (KB)
...
006 (14042902.007.000) 2021-06-28 19:15:12 Image size of job updated: 4215276
	3604  -  MemoryUsage of job (MB)
	3689524  -  ResidentSetSize of job (KB)
...
006 (14042902.009.000) 2021-06-28 19:15:41 Image size of job updated: 4215276
	2590  -  MemoryUsage of job (MB)
	2652044  -  ResidentSetSize of job (KB)
...
006 (14042902.008.000) 2021-06-28 19:19:04 Image size of job updated: 4215276
	3264  -  MemoryUsage of job (MB)
	3341940  -  ResidentSetSize of job (KB)
...
006 (14042902.009.000) 2021-06-28 19:20:41 Image size of job updated: 4215276
	2928  -  MemoryUsage of job (MB)
	2998156  -  ResidentSetSize of job (KB)
...
006 (14042902.004.000) 2021-06-28 19:23:25 Image size of job updated: 6312432
	3752  -  MemoryUsage of job (MB)
	3841456  -  ResidentSetSize of job (KB)
...
006 (14042902.008.000) 2021-06-28 19:24:05 Image size of job updated: 4215276
	3599  -  MemoryUsage of job (MB)
	3685100  -  ResidentSetSize of job (KB)
...
006 (14042902.009.000) 2021-06-28 19:25:42 Image size of job updated: 4215276
	3266  -  MemoryUsage of job (MB)
	3344268  -  ResidentSetSize of job (KB)
...
006 (14042902.004.000) 2021-06-28 19:28:26 Image size of job updated: 6312432
	4086  -  MemoryUsage of job (MB)
	4183472  -  ResidentSetSize of job (KB)
...
006 (14042902.009.000) 2021-06-28 19:30:42 Image size of job updated: 4215276
	3602  -  MemoryUsage of job (MB)
	3688332  -  ResidentSetSize of job (KB)
...
006 (14042902.004.000) 2021-06-28 19:33:27 Image size of job updated: 8409580
	4418  -  MemoryUsage of job (MB)
	4523444  -  ResidentSetSize of job (KB)
...
006 (14042902.004.000) 2021-06-28 19:38:27 Image size of job updated: 8409580
	4752  -  MemoryUsage of job (MB)
	4865460  -  ResidentSetSize of job (KB)
...
006 (14042902.005.000) 2021-06-28 19:42:49 Image size of job updated: 6312432
	3797  -  MemoryUsage of job (MB)
	3888068  -  ResidentSetSize of job (KB)
...
006 (14042902.004.000) 2021-06-28 19:43:27 Image size of job updated: 8409580
	5086  -  MemoryUsage of job (MB)
	5207476  -  ResidentSetSize of job (KB)
...
006 (14042902.005.000) 2021-06-28 19:47:50 Image size of job updated: 6312432
	4093  -  MemoryUsage of job (MB)
	4191172  -  ResidentSetSize of job (KB)
...
040 (14042902.004.000) 2021-06-28 19:48:02 Started transferring output files
...
040 (14042902.004.000) 2021-06-28 19:48:02 Finished transferring output files
...
005 (14042902.004.000) 2021-06-28 19:48:02 Job terminated.
	(1) Normal termination (return value 127)
		Usr 0 02:24:46, Sys 0 00:00:04  -  Run Remote Usage
		Usr 0 00:00:00, Sys 0 00:00:00  -  Run Local Usage
		Usr 0 02:24:46, Sys 0 00:00:04  -  Total Remote Usage
		Usr 0 00:00:00, Sys 0 00:00:00  -  Total Local Usage
	36905  -  Run Bytes Sent By Job
	19056  -  Run Bytes Received By Job
	36905  -  Total Bytes Sent By Job
	19056  -  Total Bytes Received By Job
	Partitionable Resources :    Usage  Request Allocated 
	   Cpus                 :     1.00       20        20 
	   Disk (KB)            :    80    15728640  16117303 
	   IoHeavy              :                           0 
	   Memory (MB)          :  5086       15360     15360 

	Job terminated of its own accord at 2021-06-29T00:48:02Z.
...
006 (14042902.005.000) 2021-06-28 19:52:51 Image size of job updated: 8409580
	4389  -  MemoryUsage of job (MB)
	4494280  -  ResidentSetSize of job (KB)
...
006 (14042902.006.000) 2021-06-28 19:54:54 Image size of job updated: 6312432
	3888  -  MemoryUsage of job (MB)
	3980584  -  ResidentSetSize of job (KB)
...
006 (14042902.005.000) 2021-06-28 19:57:51 Image size of job updated: 8409580
	4686  -  MemoryUsage of job (MB)
	4797452  -  ResidentSetSize of job (KB)
...
006 (14042902.008.000) 2021-06-28 19:59:08 Image size of job updated: 6312432
	3599  -  MemoryUsage of job (MB)
	3685100  -  ResidentSetSize of job (KB)
...
006 (14042902.006.000) 2021-06-28 19:59:54 Image size of job updated: 8409580
	4208  -  MemoryUsage of job (MB)
	4308268  -  ResidentSetSize of job (KB)
...
006 (14042902.005.000) 2021-06-28 20:02:51 Image size of job updated: 8409580
	4978  -  MemoryUsage of job (MB)
	5096876  -  ResidentSetSize of job (KB)
...
006 (14042902.006.000) 2021-06-28 20:04:54 Image size of job updated: 8409580
	4508  -  MemoryUsage of job (MB)
	4615512  -  ResidentSetSize of job (KB)
...
006 (14042902.005.000) 2021-06-28 20:07:51 Image size of job updated: 8409580
	5270  -  MemoryUsage of job (MB)
	5395880  -  ResidentSetSize of job (KB)
...
006 (14042902.006.000) 2021-06-28 20:09:55 Image size of job updated: 8409580
	4832  -  MemoryUsage of job (MB)
	4947288  -  ResidentSetSize of job (KB)
...
040 (14042902.005.000) 2021-06-28 20:09:56 Started transferring output files
...
040 (14042902.005.000) 2021-06-28 20:09:56 Finished transferring output files
...
005 (14042902.005.000) 2021-06-28 20:09:56 Job terminated.
	(1) Normal termination (return value 127)
		Usr 0 02:42:08, Sys 0 00:00:17  -  Run Remote Usage
		Usr 0 00:00:00, Sys 0 00:00:00  -  Run Local Usage
		Usr 0 02:42:08, Sys 0 00:00:17  -  Total Remote Usage
		Usr 0 00:00:00, Sys 0 00:00:00  -  Total Local Usage
	36902  -  Run Bytes Sent By Job
	19056  -  Run Bytes Received By Job
	36902  -  Total Bytes Sent By Job
	19056  -  Total Bytes Received By Job
	Partitionable Resources :    Usage  Request Allocated 
	   Cpus                 :     1.00       20        20 
	   Disk (KB)            :    80    15728640  15922585 
	   IoHeavy              :                           0 
	   Memory (MB)          :  5270       15360     15360 

	Job terminated of its own accord at 2021-06-29T01:09:55Z.
...
006 (14042902.006.000) 2021-06-28 20:14:56 Image size of job updated: 8409580
	5156  -  MemoryUsage of job (MB)
	5279064  -  ResidentSetSize of job (KB)
...
006 (14042902.007.000) 2021-06-28 20:15:17 Image size of job updated: 4215276
	3818  -  MemoryUsage of job (MB)
	3909412  -  ResidentSetSize of job (KB)
...
040 (14042902.006.000) 2021-06-28 20:18:58 Started transferring output files
...
040 (14042902.006.000) 2021-06-28 20:18:58 Finished transferring output files
...
005 (14042902.006.000) 2021-06-28 20:18:58 Job terminated.
	(1) Normal termination (return value 127)
		Usr 0 02:29:15, Sys 0 00:00:05  -  Run Remote Usage
		Usr 0 00:00:00, Sys 0 00:00:00  -  Run Local Usage
		Usr 0 02:29:15, Sys 0 00:00:05  -  Total Remote Usage
		Usr 0 00:00:00, Sys 0 00:00:00  -  Total Local Usage
	36906  -  Run Bytes Sent By Job
	19056  -  Run Bytes Received By Job
	36906  -  Total Bytes Sent By Job
	19056  -  Total Bytes Received By Job
	Partitionable Resources :    Usage  Request Allocated 
	   Cpus                 :     1.00       20        20 
	   Disk (KB)            :    80    15728640  15878572 
	   IoHeavy              :                           0 
	   Memory (MB)          :  5156       15360     15360 

	Job terminated of its own accord at 2021-06-29T01:18:58Z.
...
006 (14042902.007.000) 2021-06-28 20:20:18 Image size of job updated: 8409580
	4150  -  MemoryUsage of job (MB)
	4248868  -  ResidentSetSize of job (KB)
...
006 (14042902.008.000) 2021-06-28 20:24:11 Image size of job updated: 6312432
	3785  -  MemoryUsage of job (MB)
	3875588  -  ResidentSetSize of job (KB)
...
006 (14042902.007.000) 2021-06-28 20:25:19 Image size of job updated: 8409580
	4482  -  MemoryUsage of job (MB)
	4588932  -  ResidentSetSize of job (KB)
...
006 (14042902.008.000) 2021-06-28 20:29:12 Image size of job updated: 8409580
	4109  -  MemoryUsage of job (MB)
	4207368  -  ResidentSetSize of job (KB)
...
006 (14042902.007.000) 2021-06-28 20:30:19 Image size of job updated: 8409580
	4816  -  MemoryUsage of job (MB)
	4930948  -  ResidentSetSize of job (KB)
...
006 (14042902.009.000) 2021-06-28 20:30:49 Image size of job updated: 4215276
	3790  -  MemoryUsage of job (MB)
	3880732  -  ResidentSetSize of job (KB)
...
006 (14042902.008.000) 2021-06-28 20:34:12 Image size of job updated: 8409580
	4443  -  MemoryUsage of job (MB)
	4549464  -  ResidentSetSize of job (KB)
...
006 (14042902.007.000) 2021-06-28 20:35:19 Image size of job updated: 8409580
	5148  -  MemoryUsage of job (MB)
	5270900  -  ResidentSetSize of job (KB)
...
006 (14042902.009.000) 2021-06-28 20:35:50 Image size of job updated: 8409580
	4122  -  MemoryUsage of job (MB)
	4220704  -  ResidentSetSize of job (KB)
...
040 (14042902.007.000) 2021-06-28 20:38:58 Started transferring output files
...
040 (14042902.007.000) 2021-06-28 20:38:58 Finished transferring output files
...
005 (14042902.007.000) 2021-06-28 20:38:58 Job terminated.
	(1) Normal termination (return value 127)
		Usr 0 02:23:41, Sys 0 00:00:19  -  Run Remote Usage
		Usr 0 00:00:00, Sys 0 00:00:00  -  Run Local Usage
		Usr 0 02:23:41, Sys 0 00:00:19  -  Total Remote Usage
		Usr 0 00:00:00, Sys 0 00:00:00  -  Total Local Usage
	36898  -  Run Bytes Sent By Job
	19056  -  Run Bytes Received By Job
	36898  -  Total Bytes Sent By Job
	19056  -  Total Bytes Received By Job
	Partitionable Resources :    Usage  Request Allocated 
	   Cpus                 :     1.00       20        20 
	   Disk (KB)            :    80    15728640  16035681 
	   IoHeavy              :                           0 
	   Memory (MB)          :  5148       15360     15360 

	Job terminated of its own accord at 2021-06-29T01:38:58Z.
...
006 (14042902.008.000) 2021-06-28 20:39:12 Image size of job updated: 8409580
	4779  -  MemoryUsage of job (MB)
	4892976  -  ResidentSetSize of job (KB)
...
006 (14042902.009.000) 2021-06-28 20:40:50 Image size of job updated: 8409580
	4460  -  MemoryUsage of job (MB)
	4566900  -  ResidentSetSize of job (KB)
...
006 (14042902.008.000) 2021-06-28 20:44:13 Image size of job updated: 8409580
	5116  -  MemoryUsage of job (MB)
	5238160  -  ResidentSetSize of job (KB)
...
006 (14042902.009.000) 2021-06-28 20:45:50 Image size of job updated: 8409580
	4796  -  MemoryUsage of job (MB)
	4910964  -  ResidentSetSize of job (KB)
...
006 (14042902.008.000) 2021-06-28 20:48:19 Image size of job updated: 8409580
	5116  -  MemoryUsage of job (MB)
	5238292  -  ResidentSetSize of job (KB)
...
040 (14042902.008.000) 2021-06-28 20:48:20 Started transferring output files
...
040 (14042902.008.000) 2021-06-28 20:48:20 Finished transferring output files
...
005 (14042902.008.000) 2021-06-28 20:48:20 Job terminated.
	(1) Normal termination (return value 127)
		Usr 0 02:24:00, Sys 0 00:00:24  -  Run Remote Usage
		Usr 0 00:00:00, Sys 0 00:00:00  -  Run Local Usage
		Usr 0 02:24:00, Sys 0 00:00:24  -  Total Remote Usage
		Usr 0 00:00:00, Sys 0 00:00:00  -  Total Local Usage
	36905  -  Run Bytes Sent By Job
	19056  -  Run Bytes Received By Job
	36905  -  Total Bytes Sent By Job
	19056  -  Total Bytes Received By Job
	Partitionable Resources :    Usage  Request Allocated 
	   Cpus                 :     1.00       20        20 
	   Disk (KB)            :    80    15728640  15904632 
	   IoHeavy              :                           0 
	   Memory (MB)          :  5116       15360     15360 

	Job terminated of its own accord at 2021-06-29T01:48:19Z.
...
006 (14042902.009.000) 2021-06-28 20:50:51 Image size of job updated: 8409580
	5132  -  MemoryUsage of job (MB)
	5255028  -  ResidentSetSize of job (KB)
...
040 (14042902.009.000) 2021-06-28 20:54:46 Started transferring output files
...
040 (14042902.009.000) 2021-06-28 20:54:46 Finished transferring output files
...
005 (14042902.009.000) 2021-06-28 20:54:47 Job terminated.
	(1) Normal termination (return value 127)
		Usr 0 02:24:08, Sys 0 00:00:07  -  Run Remote Usage
		Usr 0 00:00:00, Sys 0 00:00:00  -  Run Local Usage
		Usr 0 02:24:08, Sys 0 00:00:07  -  Total Remote Usage
		Usr 0 00:00:00, Sys 0 00:00:00  -  Total Local Usage
	36898  -  Run Bytes Sent By Job
	19056  -  Run Bytes Received By Job
	36898  -  Total Bytes Sent By Job
	19056  -  Total Bytes Received By Job
	Partitionable Resources :    Usage  Request Allocated 
	   Cpus                 :     1.00       20        20 
	   Disk (KB)            :    80    15728640  15932431 
	   IoHeavy              :                           0 
	   Memory (MB)          :  5132       15360     15360 

	Job terminated of its own accord at 2021-06-29T01:54:45Z.
...
